2021-04-27 09:01:31.128  INFO 16244 --- [RMI TCP Connection(44)-127.0.0.1] inMXBeanRegistrar$SpringApplicationAdmin : Application shutdown requested.
2021-04-27 09:01:31.430  INFO 16244 --- [RMI TCP Connection(44)-127.0.0.1] o.s.s.concurrent.ThreadPoolTaskExecutor  : Shutting down ExecutorService 'applicationTaskExecutor'
2021-04-27 09:01:39.205  INFO 13732 --- [main] c.s.a.SafetyNetAlertsApplication         : Starting SafetyNetAlertsApplication using Java 11.0.7 on DESKTOP-QTFVOKI with PID 13732 (C:\Users\jerome\git\safetynetalerts\target\classes started by jerome in C:\Users\jerome\git\safetynetalerts)
2021-04-27 09:01:39.209  INFO 13732 --- [main] c.s.a.SafetyNetAlertsApplication         : No active profile set, falling back to default profiles: default
2021-04-27 09:01:40.881  INFO 13732 --- [main] o.s.b.w.embedded.tomcat.TomcatWebServer  : Tomcat initialized with port(s): 8080 (http)
2021-04-27 09:01:40.902  INFO 13732 --- [main] o.apache.catalina.core.StandardService   : Starting service [Tomcat]
2021-04-27 09:01:40.903  INFO 13732 --- [main] org.apache.catalina.core.StandardEngine  : Starting Servlet engine: [Apache Tomcat/9.0.44]
2021-04-27 09:01:41.046  INFO 13732 --- [main] o.a.c.c.C.[Tomcat].[localhost].[/]       : Initializing Spring embedded WebApplicationContext
2021-04-27 09:01:41.047  INFO 13732 --- [main] w.s.c.ServletWebServerApplicationContext : Root WebApplicationContext: initialization completed in 1754 ms
2021-04-27 09:01:41.702  INFO 13732 --- [main] o.s.s.concurrent.ThreadPoolTaskExecutor  : Initializing ExecutorService 'applicationTaskExecutor'
2021-04-27 09:01:42.163  INFO 13732 --- [main] o.s.b.a.e.web.EndpointLinksResolver      : Exposing 3 endpoint(s) beneath base path '/actuator'
2021-04-27 09:01:42.279  INFO 13732 --- [main] o.s.b.w.embedded.tomcat.TomcatWebServer  : Tomcat started on port(s): 8080 (http) with context path ''
2021-04-27 09:01:42.300  INFO 13732 --- [main] c.s.a.SafetyNetAlertsApplication         : Started SafetyNetAlertsApplication in 3.767 seconds (JVM running for 5.086)
2021-04-27 09:01:42.337  INFO 13732 --- [RMI TCP Connection(3)-127.0.0.1] o.a.c.c.C.[Tomcat].[localhost].[/]       : Initializing Spring DispatcherServlet 'dispatcherServlet'
2021-04-27 09:01:42.338  INFO 13732 --- [RMI TCP Connection(3)-127.0.0.1] o.s.web.servlet.DispatcherServlet        : Initializing Servlet 'dispatcherServlet'
2021-04-27 09:01:42.340  INFO 13732 --- [RMI TCP Connection(3)-127.0.0.1] o.s.web.servlet.DispatcherServlet        : Completed initialization in 2 ms
2021-04-27 09:39:22.773  INFO 13732 --- [RMI TCP Connection(47)-127.0.0.1] inMXBeanRegistrar$SpringApplicationAdmin : Application shutdown requested.
2021-04-27 09:39:23.019  INFO 13732 --- [RMI TCP Connection(47)-127.0.0.1] o.s.s.concurrent.ThreadPoolTaskExecutor  : Shutting down ExecutorService 'applicationTaskExecutor'
2021-04-27 09:39:32.148  INFO 20896 --- [main] c.s.a.SafetyNetAlertsApplication         : Starting SafetyNetAlertsApplication using Java 11.0.7 on DESKTOP-QTFVOKI with PID 20896 (C:\Users\jerome\git\safetynetalerts\target\classes started by jerome in C:\Users\jerome\git\safetynetalerts)
2021-04-27 09:39:32.152  INFO 20896 --- [main] c.s.a.SafetyNetAlertsApplication         : No active profile set, falling back to default profiles: default
2021-04-27 09:39:33.687  INFO 20896 --- [main] o.s.b.w.embedded.tomcat.TomcatWebServer  : Tomcat initialized with port(s): 8080 (http)
2021-04-27 09:39:33.705  INFO 20896 --- [main] o.apache.catalina.core.StandardService   : Starting service [Tomcat]
2021-04-27 09:39:33.706  INFO 20896 --- [main] org.apache.catalina.core.StandardEngine  : Starting Servlet engine: [Apache Tomcat/9.0.44]
2021-04-27 09:39:33.832  INFO 20896 --- [main] o.a.c.c.C.[Tomcat].[localhost].[/]       : Initializing Spring embedded WebApplicationContext
2021-04-27 09:39:33.832  INFO 20896 --- [main] w.s.c.ServletWebServerApplicationContext : Root WebApplicationContext: initialization completed in 1611 ms
2021-04-27 09:39:34.369  INFO 20896 --- [main] o.s.s.concurrent.ThreadPoolTaskExecutor  : Initializing ExecutorService 'applicationTaskExecutor'
2021-04-27 09:39:34.770  INFO 20896 --- [main] o.s.b.a.e.web.EndpointLinksResolver      : Exposing 4 endpoint(s) beneath base path '/actuator'
2021-04-27 09:39:34.842  INFO 20896 --- [main] o.s.b.w.embedded.tomcat.TomcatWebServer  : Tomcat started on port(s): 8080 (http) with context path ''
2021-04-27 09:39:34.863  INFO 20896 --- [main] c.s.a.SafetyNetAlertsApplication         : Started SafetyNetAlertsApplication in 3.295 seconds (JVM running for 4.615)
2021-04-27 09:39:37.659  INFO 20896 --- [RMI TCP Connection(1)-127.0.0.1] o.a.c.c.C.[Tomcat].[localhost].[/]       : Initializing Spring DispatcherServlet 'dispatcherServlet'
2021-04-27 09:39:37.660  INFO 20896 --- [RMI TCP Connection(1)-127.0.0.1] o.s.web.servlet.DispatcherServlet        : Initializing Servlet 'dispatcherServlet'
2021-04-27 09:39:37.661  INFO 20896 --- [RMI TCP Connection(1)-127.0.0.1] o.s.web.servlet.DispatcherServlet        : Completed initialization in 1 ms
2021-04-27 09:52:22.215  INFO 20896 --- [RMI TCP Connection(22)-127.0.0.1] inMXBeanRegistrar$SpringApplicationAdmin : Application shutdown requested.
2021-04-27 09:52:22.412  INFO 20896 --- [RMI TCP Connection(22)-127.0.0.1] o.s.s.concurrent.ThreadPoolTaskExecutor  : Shutting down ExecutorService 'applicationTaskExecutor'
2021-04-27 09:52:29.795  INFO 868 --- [main] c.s.a.SafetyNetAlertsApplication         : Starting SafetyNetAlertsApplication using Java 11.0.7 on DESKTOP-QTFVOKI with PID 868 (C:\Users\jerome\git\safetynetalerts\target\classes started by jerome in C:\Users\jerome\git\safetynetalerts)
2021-04-27 09:52:29.801  INFO 868 --- [main] c.s.a.SafetyNetAlertsApplication         : No active profile set, falling back to default profiles: default
2021-04-27 09:52:31.439  INFO 868 --- [main] o.s.b.w.embedded.tomcat.TomcatWebServer  : Tomcat initialized with port(s): 8080 (http)
2021-04-27 09:52:31.453  INFO 868 --- [main] o.apache.catalina.core.StandardService   : Starting service [Tomcat]
2021-04-27 09:52:31.454  INFO 868 --- [main] org.apache.catalina.core.StandardEngine  : Starting Servlet engine: [Apache Tomcat/9.0.44]
2021-04-27 09:52:31.566  INFO 868 --- [main] o.a.c.c.C.[Tomcat].[localhost].[/]       : Initializing Spring embedded WebApplicationContext
2021-04-27 09:52:31.566  INFO 868 --- [main] w.s.c.ServletWebServerApplicationContext : Root WebApplicationContext: initialization completed in 1689 ms
2021-04-27 09:52:32.188  INFO 868 --- [main] o.s.s.concurrent.ThreadPoolTaskExecutor  : Initializing ExecutorService 'applicationTaskExecutor'
2021-04-27 09:52:32.751  INFO 868 --- [main] o.s.b.a.e.web.EndpointLinksResolver      : Exposing 3 endpoint(s) beneath base path '/actuator'
2021-04-27 09:52:32.872  INFO 868 --- [main] o.s.b.w.embedded.tomcat.TomcatWebServer  : Tomcat started on port(s): 8080 (http) with context path ''
2021-04-27 09:52:32.898  INFO 868 --- [main] c.s.a.SafetyNetAlertsApplication         : Started SafetyNetAlertsApplication in 3.69 seconds (JVM running for 4.873)
2021-04-27 09:52:35.457  INFO 868 --- [RMI TCP Connection(3)-127.0.0.1] o.a.c.c.C.[Tomcat].[localhost].[/]       : Initializing Spring DispatcherServlet 'dispatcherServlet'
2021-04-27 09:52:35.458  INFO 868 --- [RMI TCP Connection(3)-127.0.0.1] o.s.web.servlet.DispatcherServlet        : Initializing Servlet 'dispatcherServlet'
2021-04-27 09:52:35.461  INFO 868 --- [RMI TCP Connection(3)-127.0.0.1] o.s.web.servlet.DispatcherServlet        : Completed initialization in 1 ms
2021-04-27 10:04:20.054  INFO 868 --- [RMI TCP Connection(19)-127.0.0.1] inMXBeanRegistrar$SpringApplicationAdmin : Application shutdown requested.
2021-04-27 10:04:20.317  INFO 868 --- [RMI TCP Connection(19)-127.0.0.1] o.s.s.concurrent.ThreadPoolTaskExecutor  : Shutting down ExecutorService 'applicationTaskExecutor'
2021-04-27 10:04:27.925  INFO 5388 --- [main] c.s.a.SafetyNetAlertsApplication         : Starting SafetyNetAlertsApplication using Java 11.0.7 on DESKTOP-QTFVOKI with PID 5388 (C:\Users\jerome\git\safetynetalerts\target\classes started by jerome in C:\Users\jerome\git\safetynetalerts)
2021-04-27 10:04:27.929  INFO 5388 --- [main] c.s.a.SafetyNetAlertsApplication         : No active profile set, falling back to default profiles: default
2021-04-27 10:04:29.588  INFO 5388 --- [main] o.s.b.w.embedded.tomcat.TomcatWebServer  : Tomcat initialized with port(s): 8080 (http)
2021-04-27 10:04:29.604  INFO 5388 --- [main] o.apache.catalina.core.StandardService   : Starting service [Tomcat]
2021-04-27 10:04:29.605  INFO 5388 --- [main] org.apache.catalina.core.StandardEngine  : Starting Servlet engine: [Apache Tomcat/9.0.44]
2021-04-27 10:04:29.724  INFO 5388 --- [main] o.a.c.c.C.[Tomcat].[localhost].[/]       : Initializing Spring embedded WebApplicationContext
2021-04-27 10:04:29.725  INFO 5388 --- [main] w.s.c.ServletWebServerApplicationContext : Root WebApplicationContext: initialization completed in 1715 ms
2021-04-27 10:04:30.534  INFO 5388 --- [main] o.s.s.concurrent.ThreadPoolTaskExecutor  : Initializing ExecutorService 'applicationTaskExecutor'
2021-04-27 10:04:30.953  INFO 5388 --- [main] o.s.b.a.e.web.EndpointLinksResolver      : Exposing 3 endpoint(s) beneath base path '/actuator'
2021-04-27 10:04:31.027  INFO 5388 --- [main] o.s.b.w.embedded.tomcat.TomcatWebServer  : Tomcat started on port(s): 8080 (http) with context path ''
2021-04-27 10:04:31.052  INFO 5388 --- [main] c.s.a.SafetyNetAlertsApplication         : Started SafetyNetAlertsApplication in 3.77 seconds (JVM running for 5.107)
2021-04-27 10:04:33.560  INFO 5388 --- [RMI TCP Connection(3)-127.0.0.1] o.a.c.c.C.[Tomcat].[localhost].[/]       : Initializing Spring DispatcherServlet 'dispatcherServlet'
2021-04-27 10:04:33.561  INFO 5388 --- [RMI TCP Connection(3)-127.0.0.1] o.s.web.servlet.DispatcherServlet        : Initializing Servlet 'dispatcherServlet'
2021-04-27 10:04:33.562  INFO 5388 --- [RMI TCP Connection(3)-127.0.0.1] o.s.web.servlet.DispatcherServlet        : Completed initialization in 1 ms
2021-04-27 10:09:07.601  INFO 5388 --- [RMI TCP Connection(12)-127.0.0.1] inMXBeanRegistrar$SpringApplicationAdmin : Application shutdown requested.
2021-04-27 10:09:07.792  INFO 5388 --- [RMI TCP Connection(12)-127.0.0.1] o.s.s.concurrent.ThreadPoolTaskExecutor  : Shutting down ExecutorService 'applicationTaskExecutor'
2021-04-27 10:09:15.192  INFO 19376 --- [main] c.s.a.SafetyNetAlertsApplication         : Starting SafetyNetAlertsApplication using Java 11.0.7 on DESKTOP-QTFVOKI with PID 19376 (C:\Users\jerome\git\safetynetalerts\target\classes started by jerome in C:\Users\jerome\git\safetynetalerts)
2021-04-27 10:09:15.196  INFO 19376 --- [main] c.s.a.SafetyNetAlertsApplication         : No active profile set, falling back to default profiles: default
2021-04-27 10:09:16.733  INFO 19376 --- [main] o.s.b.w.embedded.tomcat.TomcatWebServer  : Tomcat initialized with port(s): 8080 (http)
2021-04-27 10:09:16.750  INFO 19376 --- [main] o.apache.catalina.core.StandardService   : Starting service [Tomcat]
2021-04-27 10:09:16.751  INFO 19376 --- [main] org.apache.catalina.core.StandardEngine  : Starting Servlet engine: [Apache Tomcat/9.0.44]
2021-04-27 10:09:16.882  INFO 19376 --- [main] o.a.c.c.C.[Tomcat].[localhost].[/]       : Initializing Spring embedded WebApplicationContext
2021-04-27 10:09:16.882  INFO 19376 --- [main] w.s.c.ServletWebServerApplicationContext : Root WebApplicationContext: initialization completed in 1604 ms
2021-04-27 10:09:17.453  INFO 19376 --- [main] o.s.s.concurrent.ThreadPoolTaskExecutor  : Initializing ExecutorService 'applicationTaskExecutor'
2021-04-27 10:09:17.868  INFO 19376 --- [main] o.s.b.a.e.web.EndpointLinksResolver      : Exposing 3 endpoint(s) beneath base path '/actuator'
2021-04-27 10:09:17.936  INFO 19376 --- [main] o.s.b.w.embedded.tomcat.TomcatWebServer  : Tomcat started on port(s): 8080 (http) with context path ''
2021-04-27 10:09:17.958  INFO 19376 --- [main] c.s.a.SafetyNetAlertsApplication         : Started SafetyNetAlertsApplication in 3.356 seconds (JVM running for 4.573)
2021-04-27 10:09:20.650  INFO 19376 --- [RMI TCP Connection(1)-127.0.0.1] o.a.c.c.C.[Tomcat].[localhost].[/]       : Initializing Spring DispatcherServlet 'dispatcherServlet'
2021-04-27 10:09:20.652  INFO 19376 --- [RMI TCP Connection(1)-127.0.0.1] o.s.web.servlet.DispatcherServlet        : Initializing Servlet 'dispatcherServlet'
2021-04-27 10:09:20.653  INFO 19376 --- [RMI TCP Connection(1)-127.0.0.1] o.s.web.servlet.DispatcherServlet        : Completed initialization in 1 ms
2021-04-27 10:28:17.182  INFO 19376 --- [RMI TCP Connection(28)-127.0.0.1] inMXBeanRegistrar$SpringApplicationAdmin : Application shutdown requested.
2021-04-27 10:28:17.404  INFO 19376 --- [RMI TCP Connection(28)-127.0.0.1] o.s.s.concurrent.ThreadPoolTaskExecutor  : Shutting down ExecutorService 'applicationTaskExecutor'
2021-04-27 10:28:24.942  INFO 19180 --- [main] c.s.a.SafetyNetAlertsApplication         : Starting SafetyNetAlertsApplication using Java 11.0.7 on DESKTOP-QTFVOKI with PID 19180 (C:\Users\jerome\git\safetynetalerts\target\classes started by jerome in C:\Users\jerome\git\safetynetalerts)
2021-04-27 10:28:24.947  INFO 19180 --- [main] c.s.a.SafetyNetAlertsApplication         : No active profile set, falling back to default profiles: default
2021-04-27 10:28:26.488  INFO 19180 --- [main] o.s.b.w.embedded.tomcat.TomcatWebServer  : Tomcat initialized with port(s): 8080 (http)
2021-04-27 10:28:26.506  INFO 19180 --- [main] o.apache.catalina.core.StandardService   : Starting service [Tomcat]
2021-04-27 10:28:26.507  INFO 19180 --- [main] org.apache.catalina.core.StandardEngine  : Starting Servlet engine: [Apache Tomcat/9.0.44]
2021-04-27 10:28:26.637  INFO 19180 --- [main] o.a.c.c.C.[Tomcat].[localhost].[/]       : Initializing Spring embedded WebApplicationContext
2021-04-27 10:28:26.637  INFO 19180 --- [main] w.s.c.ServletWebServerApplicationContext : Root WebApplicationContext: initialization completed in 1621 ms
2021-04-27 10:28:27.241  INFO 19180 --- [main] o.s.s.concurrent.ThreadPoolTaskExecutor  : Initializing ExecutorService 'applicationTaskExecutor'
2021-04-27 10:28:27.631  INFO 19180 --- [main] o.s.b.a.e.web.EndpointLinksResolver      : Exposing 4 endpoint(s) beneath base path '/actuator'
2021-04-27 10:28:27.707  INFO 19180 --- [main] o.s.b.w.embedded.tomcat.TomcatWebServer  : Tomcat started on port(s): 8080 (http) with context path ''
2021-04-27 10:28:27.739  INFO 19180 --- [main] c.s.a.SafetyNetAlertsApplication         : Started SafetyNetAlertsApplication in 3.423 seconds (JVM running for 4.631)
2021-04-27 10:28:27.893  INFO 19180 --- [RMI TCP Connection(3)-127.0.0.1] o.a.c.c.C.[Tomcat].[localhost].[/]       : Initializing Spring DispatcherServlet 'dispatcherServlet'
2021-04-27 10:28:27.894  INFO 19180 --- [RMI TCP Connection(3)-127.0.0.1] o.s.web.servlet.DispatcherServlet        : Initializing Servlet 'dispatcherServlet'
2021-04-27 10:28:27.896  INFO 19180 --- [RMI TCP Connection(3)-127.0.0.1] o.s.web.servlet.DispatcherServlet        : Completed initialization in 2 ms
2021-04-27 10:35:33.258  INFO 552 --- [main] c.s.a.c.MedicalrecordControllerTest      : Starting MedicalrecordControllerTest using Java 11.0.7 on DESKTOP-QTFVOKI with PID 552 (started by jerome in C:\Users\jerome\git\safetynetalerts)
2021-04-27 10:35:33.279  INFO 552 --- [main] c.s.a.c.MedicalrecordControllerTest      : No active profile set, falling back to default profiles: default
2021-04-27 10:35:37.672  INFO 552 --- [main] o.s.s.concurrent.ThreadPoolTaskExecutor  : Initializing ExecutorService 'applicationTaskExecutor'
2021-04-27 10:35:38.652  INFO 552 --- [main] o.s.b.t.m.w.SpringBootMockServletContext : Initializing Spring TestDispatcherServlet ''
2021-04-27 10:35:38.653  INFO 552 --- [main] o.s.t.web.servlet.TestDispatcherServlet  : Initializing Servlet ''
2021-04-27 10:35:38.658  INFO 552 --- [main] o.s.t.web.servlet.TestDispatcherServlet  : Completed initialization in 3 ms
2021-04-27 10:35:38.756  INFO 552 --- [main] c.s.a.c.MedicalrecordControllerTest      : Started MedicalrecordControllerTest in 7.064 seconds (JVM running for 11.401)
2021-04-27 10:35:39.851  INFO 552 --- [main] .b.t.a.w.s.WebMvcTestContextBootstrapper : Neither @ContextConfiguration nor @ContextHierarchy found for test class [com.safetynet.alertsapp.controller.PersonControllerTest], using SpringBootContextLoader
2021-04-27 10:35:39.854  INFO 552 --- [main] o.s.t.c.support.AbstractContextLoader    : Could not detect default resource locations for test class [com.safetynet.alertsapp.controller.PersonControllerTest]: no resource found for suffixes {-context.xml, Context.groovy}.
2021-04-27 10:35:39.854  INFO 552 --- [main] t.c.s.AnnotationConfigContextLoaderUtils : Could not detect default configuration classes for test class [com.safetynet.alertsapp.controller.PersonControllerTest]: PersonControllerTest does not declare any static, non-private, non-final, nested classes annotated with @Configuration.
2021-04-27 10:35:39.862  INFO 552 --- [main] .b.t.c.SpringBootTestContextBootstrapper : Found @SpringBootConfiguration com.safetynet.alertsapp.SafetyNetAlertsApplication for test class com.safetynet.alertsapp.controller.PersonControllerTest
2021-04-27 10:35:39.864  INFO 552 --- [main] .b.t.a.w.s.WebMvcTestContextBootstrapper : Loaded default TestExecutionListener class names from location [META-INF/spring.factories]: [org.springframework.boot.test.mock.mockito.MockitoTestExecutionListener, org.springframework.boot.test.mock.mockito.ResetMocksTestExecutionListener, org.springframework.boot.test.autoconfigure.restdocs.RestDocsTestExecutionListener, org.springframework.boot.test.autoconfigure.web.client.MockRestServiceServerResetTestExecutionListener, org.springframework.boot.test.autoconfigure.web.servlet.MockMvcPrintOnlyOnFailureTestExecutionListener, org.springframework.boot.test.autoconfigure.web.servlet.WebDriverTestExecutionListener, org.springframework.boot.test.autoconfigure.webservices.client.MockWebServiceServerTestExecutionListener, org.springframework.test.context.web.ServletTestExecutionListener, org.springframework.test.context.support.DirtiesContextBeforeModesTestExecutionListener, org.springframework.test.context.event.ApplicationEventsTestExecutionListener, org.springframework.test.context.support.DependencyInjectionTestExecutionListener, org.springframework.test.context.support.DirtiesContextTestExecutionListener, org.springframework.test.context.transaction.TransactionalTestExecutionListener, org.springframework.test.context.jdbc.SqlScriptsTestExecutionListener, org.springframework.test.context.event.EventPublishingTestExecutionListener]
2021-04-27 10:35:39.868  INFO 552 --- [main] .b.t.a.w.s.WebMvcTestContextBootstrapper : Using TestExecutionListeners: [org.springframework.test.context.web.ServletTestExecutionListener@7eecccfb, org.springframework.test.context.support.DirtiesContextBeforeModesTestExecutionListener@3e871f3, org.springframework.test.context.event.ApplicationEventsTestExecutionListener@2aa43b2e, org.springframework.boot.test.mock.mockito.MockitoTestExecutionListener@707b37ec, org.springframework.boot.test.autoconfigure.SpringBootDependencyInjectionTestExecutionListener@6868b60c, org.springframework.test.context.support.DirtiesContextTestExecutionListener@28cf351b, org.springframework.test.context.event.EventPublishingTestExecutionListener@23b91667, org.springframework.boot.test.mock.mockito.ResetMocksTestExecutionListener@a5491ab, org.springframework.boot.test.autoconfigure.restdocs.RestDocsTestExecutionListener@27a18e3b, org.springframework.boot.test.autoconfigure.web.client.MockRestServiceServerResetTestExecutionListener@76171039, org.springframework.boot.test.autoconfigure.web.servlet.MockMvcPrintOnlyOnFailureTestExecutionListener@1d763ab2, org.springframework.boot.test.autoconfigure.web.servlet.WebDriverTestExecutionListener@3381297e, org.springframework.boot.test.autoconfigure.webservices.client.MockWebServiceServerTestExecutionListener@18faa963]
2021-04-27 10:35:39.974  INFO 552 --- [main] c.s.a.controller.PersonControllerTest    : Starting PersonControllerTest using Java 11.0.7 on DESKTOP-QTFVOKI with PID 552 (started by jerome in C:\Users\jerome\git\safetynetalerts)
2021-04-27 10:35:39.977  INFO 552 --- [main] c.s.a.controller.PersonControllerTest    : No active profile set, falling back to default profiles: default
2021-04-27 10:35:40.738  INFO 552 --- [main] o.s.s.concurrent.ThreadPoolTaskExecutor  : Initializing ExecutorService 'applicationTaskExecutor'
2021-04-27 10:35:41.082  INFO 552 --- [main] o.s.b.t.m.w.SpringBootMockServletContext : Initializing Spring TestDispatcherServlet ''
2021-04-27 10:35:41.083  INFO 552 --- [main] o.s.t.web.servlet.TestDispatcherServlet  : Initializing Servlet ''
2021-04-27 10:35:41.084  INFO 552 --- [main] o.s.t.web.servlet.TestDispatcherServlet  : Completed initialization in 1 ms
2021-04-27 10:35:41.123  INFO 552 --- [main] c.s.a.controller.PersonControllerTest    : Started PersonControllerTest in 1.249 seconds (JVM running for 13.77)
2021-04-27 10:35:41.301  INFO 552 --- [main] .b.t.a.w.s.WebMvcTestContextBootstrapper : Neither @ContextConfiguration nor @ContextHierarchy found for test class [com.safetynet.alertsapp.controller.SafetynetalertsControllerTest], using SpringBootContextLoader
2021-04-27 10:35:41.304  INFO 552 --- [main] o.s.t.c.support.AbstractContextLoader    : Could not detect default resource locations for test class [com.safetynet.alertsapp.controller.SafetynetalertsControllerTest]: no resource found for suffixes {-context.xml, Context.groovy}.
2021-04-27 10:35:41.304  INFO 552 --- [main] t.c.s.AnnotationConfigContextLoaderUtils : Could not detect default configuration classes for test class [com.safetynet.alertsapp.controller.SafetynetalertsControllerTest]: SafetynetalertsControllerTest does not declare any static, non-private, non-final, nested classes annotated with @Configuration.
2021-04-27 10:35:41.316  INFO 552 --- [main] .b.t.c.SpringBootTestContextBootstrapper : Found @SpringBootConfiguration com.safetynet.alertsapp.SafetyNetAlertsApplication for test class com.safetynet.alertsapp.controller.SafetynetalertsControllerTest
2021-04-27 10:35:41.318  INFO 552 --- [main] .b.t.a.w.s.WebMvcTestContextBootstrapper : Loaded default TestExecutionListener class names from location [META-INF/spring.factories]: [org.springframework.boot.test.mock.mockito.MockitoTestExecutionListener, org.springframework.boot.test.mock.mockito.ResetMocksTestExecutionListener, org.springframework.boot.test.autoconfigure.restdocs.RestDocsTestExecutionListener, org.springframework.boot.test.autoconfigure.web.client.MockRestServiceServerResetTestExecutionListener, org.springframework.boot.test.autoconfigure.web.servlet.MockMvcPrintOnlyOnFailureTestExecutionListener, org.springframework.boot.test.autoconfigure.web.servlet.WebDriverTestExecutionListener, org.springframework.boot.test.autoconfigure.webservices.client.MockWebServiceServerTestExecutionListener, org.springframework.test.context.web.ServletTestExecutionListener, org.springframework.test.context.support.DirtiesContextBeforeModesTestExecutionListener, org.springframework.test.context.event.ApplicationEventsTestExecutionListener, org.springframework.test.context.support.DependencyInjectionTestExecutionListener, org.springframework.test.context.support.DirtiesContextTestExecutionListener, org.springframework.test.context.transaction.TransactionalTestExecutionListener, org.springframework.test.context.jdbc.SqlScriptsTestExecutionListener, org.springframework.test.context.event.EventPublishingTestExecutionListener]
2021-04-27 10:35:41.320  INFO 552 --- [main] .b.t.a.w.s.WebMvcTestContextBootstrapper : Using TestExecutionListeners: [org.springframework.test.context.web.ServletTestExecutionListener@7be98a17, org.springframework.test.context.support.DirtiesContextBeforeModesTestExecutionListener@726ff63d, org.springframework.test.context.event.ApplicationEventsTestExecutionListener@467fe45, org.springframework.boot.test.mock.mockito.MockitoTestExecutionListener@31986d2d, org.springframework.boot.test.autoconfigure.SpringBootDependencyInjectionTestExecutionListener@696e03b, org.springframework.test.context.support.DirtiesContextTestExecutionListener@b4530ca, org.springframework.test.context.event.EventPublishingTestExecutionListener@306b6231, org.springframework.boot.test.mock.mockito.ResetMocksTestExecutionListener@42689014, org.springframework.boot.test.autoconfigure.restdocs.RestDocsTestExecutionListener@73ce275a, org.springframework.boot.test.autoconfigure.web.client.MockRestServiceServerResetTestExecutionListener@51af9a89, org.springframework.boot.test.autoconfigure.web.servlet.MockMvcPrintOnlyOnFailureTestExecutionListener@3abe0067, org.springframework.boot.test.autoconfigure.web.servlet.WebDriverTestExecutionListener@3cd0df14, org.springframework.boot.test.autoconfigure.webservices.client.MockWebServiceServerTestExecutionListener@3ea6cb23]
2021-04-27 10:35:41.384  INFO 552 --- [main] c.s.a.c.SafetynetalertsControllerTest    : Starting SafetynetalertsControllerTest using Java 11.0.7 on DESKTOP-QTFVOKI with PID 552 (started by jerome in C:\Users\jerome\git\safetynetalerts)
2021-04-27 10:35:41.386  INFO 552 --- [main] c.s.a.c.SafetynetalertsControllerTest    : No active profile set, falling back to default profiles: default
2021-04-27 10:35:42.204  INFO 552 --- [main] o.s.s.concurrent.ThreadPoolTaskExecutor  : Initializing ExecutorService 'applicationTaskExecutor'
2021-04-27 10:35:42.592  INFO 552 --- [main] o.s.b.t.m.w.SpringBootMockServletContext : Initializing Spring TestDispatcherServlet ''
2021-04-27 10:35:42.594  INFO 552 --- [main] o.s.t.web.servlet.TestDispatcherServlet  : Initializing Servlet ''
2021-04-27 10:35:42.595  INFO 552 --- [main] o.s.t.web.servlet.TestDispatcherServlet  : Completed initialization in 1 ms
2021-04-27 10:35:42.642  INFO 552 --- [main] c.s.a.c.SafetynetalertsControllerTest    : Started SafetynetalertsControllerTest in 1.315 seconds (JVM running for 15.288)
2021-04-27 10:35:42.800  INFO 552 --- [main] .b.t.a.w.s.WebMvcTestContextBootstrapper : Neither @ContextConfiguration nor @ContextHierarchy found for test class [com.safetynet.alertsapp.controller.FirestationControllerTest], using SpringBootContextLoader
2021-04-27 10:35:42.803  INFO 552 --- [main] o.s.t.c.support.AbstractContextLoader    : Could not detect default resource locations for test class [com.safetynet.alertsapp.controller.FirestationControllerTest]: no resource found for suffixes {-context.xml, Context.groovy}.
2021-04-27 10:35:42.805  INFO 552 --- [main] t.c.s.AnnotationConfigContextLoaderUtils : Could not detect default configuration classes for test class [com.safetynet.alertsapp.controller.FirestationControllerTest]: FirestationControllerTest does not declare any static, non-private, non-final, nested classes annotated with @Configuration.
2021-04-27 10:35:42.820  INFO 552 --- [main] .b.t.c.SpringBootTestContextBootstrapper : Found @SpringBootConfiguration com.safetynet.alertsapp.SafetyNetAlertsApplication for test class com.safetynet.alertsapp.controller.FirestationControllerTest
2021-04-27 10:35:42.826  INFO 552 --- [main] .b.t.a.w.s.WebMvcTestContextBootstrapper : Loaded default TestExecutionListener class names from location [META-INF/spring.factories]: [org.springframework.boot.test.mock.mockito.MockitoTestExecutionListener, org.springframework.boot.test.mock.mockito.ResetMocksTestExecutionListener, org.springframework.boot.test.autoconfigure.restdocs.RestDocsTestExecutionListener, org.springframework.boot.test.autoconfigure.web.client.MockRestServiceServerResetTestExecutionListener, org.springframework.boot.test.autoconfigure.web.servlet.MockMvcPrintOnlyOnFailureTestExecutionListener, org.springframework.boot.test.autoconfigure.web.servlet.WebDriverTestExecutionListener, org.springframework.boot.test.autoconfigure.webservices.client.MockWebServiceServerTestExecutionListener, org.springframework.test.context.web.ServletTestExecutionListener, org.springframework.test.context.support.DirtiesContextBeforeModesTestExecutionListener, org.springframework.test.context.event.ApplicationEventsTestExecutionListener, org.springframework.test.context.support.DependencyInjectionTestExecutionListener, org.springframework.test.context.support.DirtiesContextTestExecutionListener, org.springframework.test.context.transaction.TransactionalTestExecutionListener, org.springframework.test.context.jdbc.SqlScriptsTestExecutionListener, org.springframework.test.context.event.EventPublishingTestExecutionListener]
2021-04-27 10:35:42.832  INFO 552 --- [main] .b.t.a.w.s.WebMvcTestContextBootstrapper : Using TestExecutionListeners: [org.springframework.test.context.web.ServletTestExecutionListener@5338244e, org.springframework.test.context.support.DirtiesContextBeforeModesTestExecutionListener@513f7e24, org.springframework.test.context.event.ApplicationEventsTestExecutionListener@21125aa3, org.springframework.boot.test.mock.mockito.MockitoTestExecutionListener@2c65a61e, org.springframework.boot.test.autoconfigure.SpringBootDependencyInjectionTestExecutionListener@3eeded88, org.springframework.test.context.support.DirtiesContextTestExecutionListener@14096a2f, org.springframework.test.context.event.EventPublishingTestExecutionListener@277dfd4f, org.springframework.boot.test.mock.mockito.ResetMocksTestExecutionListener@2629fae8, org.springframework.boot.test.autoconfigure.restdocs.RestDocsTestExecutionListener@7779d208, org.springframework.boot.test.autoconfigure.web.client.MockRestServiceServerResetTestExecutionListener@28fe86da, org.springframework.boot.test.autoconfigure.web.servlet.MockMvcPrintOnlyOnFailureTestExecutionListener@60a1910f, org.springframework.boot.test.autoconfigure.web.servlet.WebDriverTestExecutionListener@936c949, org.springframework.boot.test.autoconfigure.webservices.client.MockWebServiceServerTestExecutionListener@30e6a3f5]
2021-04-27 10:35:42.912  INFO 552 --- [main] c.s.a.c.FirestationControllerTest        : Starting FirestationControllerTest using Java 11.0.7 on DESKTOP-QTFVOKI with PID 552 (started by jerome in C:\Users\jerome\git\safetynetalerts)
2021-04-27 10:35:42.914  INFO 552 --- [main] c.s.a.c.FirestationControllerTest        : No active profile set, falling back to default profiles: default
2021-04-27 10:35:43.536  INFO 552 --- [main] o.s.s.concurrent.ThreadPoolTaskExecutor  : Initializing ExecutorService 'applicationTaskExecutor'
2021-04-27 10:35:43.930  INFO 552 --- [main] o.s.b.t.m.w.SpringBootMockServletContext : Initializing Spring TestDispatcherServlet ''
2021-04-27 10:35:43.931  INFO 552 --- [main] o.s.t.web.servlet.TestDispatcherServlet  : Initializing Servlet ''
2021-04-27 10:35:43.932  INFO 552 --- [main] o.s.t.web.servlet.TestDispatcherServlet  : Completed initialization in 0 ms
2021-04-27 10:35:43.962  INFO 552 --- [main] c.s.a.c.FirestationControllerTest        : Started FirestationControllerTest in 1.124 seconds (JVM running for 16.608)
2021-04-27 10:35:44.147  INFO 552 --- [main] .b.t.c.SpringBootTestContextBootstrapper : Neither @ContextConfiguration nor @ContextHierarchy found for test class [com.safetynet.alertsapp.SafetyNetAlertsApplicationTests], using SpringBootContextLoader
2021-04-27 10:35:44.149  INFO 552 --- [main] o.s.t.c.support.AbstractContextLoader    : Could not detect default resource locations for test class [com.safetynet.alertsapp.SafetyNetAlertsApplicationTests]: no resource found for suffixes {-context.xml, Context.groovy}.
2021-04-27 10:35:44.149  INFO 552 --- [main] t.c.s.AnnotationConfigContextLoaderUtils : Could not detect default configuration classes for test class [com.safetynet.alertsapp.SafetyNetAlertsApplicationTests]: SafetyNetAlertsApplicationTests does not declare any static, non-private, non-final, nested classes annotated with @Configuration.
2021-04-27 10:35:44.163  INFO 552 --- [main] .b.t.c.SpringBootTestContextBootstrapper : Found @SpringBootConfiguration com.safetynet.alertsapp.SafetyNetAlertsApplication for test class com.safetynet.alertsapp.SafetyNetAlertsApplicationTests
2021-04-27 10:35:44.172  INFO 552 --- [main] .b.t.c.SpringBootTestContextBootstrapper : Loaded default TestExecutionListener class names from location [META-INF/spring.factories]: [org.springframework.boot.test.mock.mockito.MockitoTestExecutionListener, org.springframework.boot.test.mock.mockito.ResetMocksTestExecutionListener, org.springframework.boot.test.autoconfigure.restdocs.RestDocsTestExecutionListener, org.springframework.boot.test.autoconfigure.web.client.MockRestServiceServerResetTestExecutionListener, org.springframework.boot.test.autoconfigure.web.servlet.MockMvcPrintOnlyOnFailureTestExecutionListener, org.springframework.boot.test.autoconfigure.web.servlet.WebDriverTestExecutionListener, org.springframework.boot.test.autoconfigure.webservices.client.MockWebServiceServerTestExecutionListener, org.springframework.test.context.web.ServletTestExecutionListener, org.springframework.test.context.support.DirtiesContextBeforeModesTestExecutionListener, org.springframework.test.context.event.ApplicationEventsTestExecutionListener, org.springframework.test.context.support.DependencyInjectionTestExecutionListener, org.springframework.test.context.support.DirtiesContextTestExecutionListener, org.springframework.test.context.transaction.TransactionalTestExecutionListener, org.springframework.test.context.jdbc.SqlScriptsTestExecutionListener, org.springframework.test.context.event.EventPublishingTestExecutionListener]
2021-04-27 10:35:44.174  INFO 552 --- [main] .b.t.c.SpringBootTestContextBootstrapper : Using TestExecutionListeners: [org.springframework.test.context.web.ServletTestExecutionListener@1863ebc6, org.springframework.test.context.support.DirtiesContextBeforeModesTestExecutionListener@71865688, org.springframework.test.context.event.ApplicationEventsTestExecutionListener@23927f47, org.springframework.boot.test.mock.mockito.MockitoTestExecutionListener@3edea5f9, org.springframework.boot.test.autoconfigure.SpringBootDependencyInjectionTestExecutionListener@3964443f, org.springframework.test.context.support.DirtiesContextTestExecutionListener@7a15778d, org.springframework.test.context.event.EventPublishingTestExecutionListener@4acd47cf, org.springframework.boot.test.mock.mockito.ResetMocksTestExecutionListener@1f7d202, org.springframework.boot.test.autoconfigure.restdocs.RestDocsTestExecutionListener@1a293bbf, org.springframework.boot.test.autoconfigure.web.client.MockRestServiceServerResetTestExecutionListener@4bd18e68, org.springframework.boot.test.autoconfigure.web.servlet.MockMvcPrintOnlyOnFailureTestExecutionListener@6b024be2, org.springframework.boot.test.autoconfigure.web.servlet.WebDriverTestExecutionListener@545ae342, org.springframework.boot.test.autoconfigure.webservices.client.MockWebServiceServerTestExecutionListener@7fddeb5]
2021-04-27 10:35:44.231  INFO 552 --- [main] c.s.a.SafetyNetAlertsApplicationTests    : Starting SafetyNetAlertsApplicationTests using Java 11.0.7 on DESKTOP-QTFVOKI with PID 552 (started by jerome in C:\Users\jerome\git\safetynetalerts)
2021-04-27 10:35:44.233  INFO 552 --- [main] c.s.a.SafetyNetAlertsApplicationTests    : No active profile set, falling back to default profiles: default
2021-04-27 10:35:46.370  INFO 552 --- [main] o.s.s.concurrent.ThreadPoolTaskExecutor  : Initializing ExecutorService 'applicationTaskExecutor'
2021-04-27 10:35:47.197  INFO 552 --- [main] o.s.b.a.e.web.EndpointLinksResolver      : Exposing 4 endpoint(s) beneath base path '/actuator'
2021-04-27 10:35:47.300  INFO 552 --- [main] c.s.a.SafetyNetAlertsApplicationTests    : Started SafetyNetAlertsApplicationTests in 3.121 seconds (JVM running for 19.945)
2021-04-27 10:35:49.064 ERROR 552 --- [main] c.s.a.jsonfilemapper.JsonFileMapper      : medicalrecords loadJsonDataFromFile has failed: com.fasterxml.jackson.core.JsonParseException: N/A , message: N/A
2021-04-27 10:35:49.084 ERROR 552 --- [main] c.s.a.jsonfilemapper.JsonFileMapper      : medicalrecords loadJsonDataFromFile has failed: java.io.IOException , message: null
2021-04-27 10:35:49.145 ERROR 552 --- [main] c.s.a.r.MedicalrecordRepository          : Found 2 Medicalrecords for John Doe
2021-04-27 10:35:49.259 ERROR 552 --- [main] c.s.a.repository.PersonRepository        : Found 2 persons for Matt Damon , but was expecting 1.
2021-04-27 10:35:49.280 ERROR 552 --- [main] c.s.a.repository.FirestationRepository   : Found 2 firestations for address=adress1 , but was expecting 1.
2021-04-27 10:35:49.591 ERROR 552 --- [main] c.s.alertsapp.service.PersonService      : Person already exist: New NewName
2021-04-27 10:35:49.610 ERROR 552 --- [main] c.s.alertsapp.service.PersonService      : Technical error creating or updating person

java.lang.IllegalStateException: null

2021-04-27 10:35:49.616 ERROR 552 --- [main] c.s.alertsapp.service.PersonService      : Person not found: John Doe
2021-04-27 10:35:49.643 ERROR 552 --- [main] c.s.alertsapp.service.PersonService      : Person does not exist: John Unknown
2021-04-27 10:35:49.648 ERROR 552 --- [main] c.s.alertsapp.service.PersonService      : Technical error creating or updating person

java.lang.IllegalStateException: null

2021-04-27 10:35:49.654 ERROR 552 --- [main] c.s.a.service.FirestationService         : Firestation not found: station=1
2021-04-27 10:35:49.662 ERROR 552 --- [main] c.s.a.service.FirestationService         : Firestation does not exist: address=address 
2021-04-27 10:35:49.672 ERROR 552 --- [main] c.s.a.service.FirestationService         : Firestation not found: address=address
2021-04-27 10:35:49.696 ERROR 552 --- [main] c.s.a.service.FirestationService         : Firestation already exist for address=NewAddress, station=1
2021-04-27 10:35:49.712 ERROR 552 --- [main] c.s.a.service.FirestationService         : Technical error updating firestation

java.lang.IllegalStateException: null

2021-04-27 10:35:49.716 ERROR 552 --- [main] c.s.a.service.FirestationService         : Technical error creating firestation

java.lang.IllegalStateException: null

2021-04-27 10:35:49.765 ERROR 552 --- [main] c.s.a.service.MedicalrecordService       : Technical error creating or updating medicalrecord

java.lang.IllegalStateException: null

2021-04-27 10:35:49.785 ERROR 552 --- [main] c.s.a.service.MedicalrecordService       : Technical error creating or updating medicalrecord

java.lang.IllegalStateException: null

2021-04-27 10:35:49.804 ERROR 552 --- [main] c.s.a.service.MedicalrecordService       : Medicalrecord does not exist: John Doe
2021-04-27 10:35:49.815 ERROR 552 --- [main] c.s.a.service.MedicalrecordService       : Medicalrecord not found: John Doe
2021-04-27 10:35:49.825 ERROR 552 --- [main] c.s.a.service.MedicalrecordService       : Medicalrecord already exist: New NewName
2021-04-27 10:35:49.847  INFO 552 --- [SpringContextShutdownHook] o.s.s.concurrent.ThreadPoolTaskExecutor  : Shutting down ExecutorService 'applicationTaskExecutor'
2021-04-27 10:35:49.855  INFO 552 --- [SpringContextShutdownHook] o.s.s.concurrent.ThreadPoolTaskExecutor  : Shutting down ExecutorService 'applicationTaskExecutor'
2021-04-27 10:35:49.853  INFO 552 --- [SpringContextShutdownHook] o.s.s.concurrent.ThreadPoolTaskExecutor  : Shutting down ExecutorService 'applicationTaskExecutor'
2021-04-27 10:35:49.850  INFO 552 --- [SpringContextShutdownHook] o.s.s.concurrent.ThreadPoolTaskExecutor  : Shutting down ExecutorService 'applicationTaskExecutor'
2021-04-27 10:35:49.851  INFO 552 --- [SpringContextShutdownHook] o.s.s.concurrent.ThreadPoolTaskExecutor  : Shutting down ExecutorService 'applicationTaskExecutor'
2021-04-27 10:56:41.136  INFO 7044 --- [main] c.s.a.c.MedicalrecordControllerTest      : Starting MedicalrecordControllerTest using Java 11.0.7 on DESKTOP-QTFVOKI with PID 7044 (started by jerome in C:\Users\jerome\git\safetynetalerts)
2021-04-27 10:56:41.148  INFO 7044 --- [main] c.s.a.c.MedicalrecordControllerTest      : No active profile set, falling back to default profiles: default
2021-04-27 10:56:46.214  INFO 7044 --- [main] o.s.s.concurrent.ThreadPoolTaskExecutor  : Initializing ExecutorService 'applicationTaskExecutor'
2021-04-27 10:56:47.125  INFO 7044 --- [main] o.s.b.t.m.w.SpringBootMockServletContext : Initializing Spring TestDispatcherServlet ''
2021-04-27 10:56:47.126  INFO 7044 --- [main] o.s.t.web.servlet.TestDispatcherServlet  : Initializing Servlet ''
2021-04-27 10:56:47.131  INFO 7044 --- [main] o.s.t.web.servlet.TestDispatcherServlet  : Completed initialization in 3 ms
2021-04-27 10:56:47.228  INFO 7044 --- [main] c.s.a.c.MedicalrecordControllerTest      : Started MedicalrecordControllerTest in 8.036 seconds (JVM running for 14.106)
2021-04-27 10:56:48.045  INFO 7044 --- [main] .b.t.a.w.s.WebMvcTestContextBootstrapper : Neither @ContextConfiguration nor @ContextHierarchy found for test class [com.safetynet.alertsapp.controller.PersonControllerTest], using SpringBootContextLoader
2021-04-27 10:56:48.047  INFO 7044 --- [main] o.s.t.c.support.AbstractContextLoader    : Could not detect default resource locations for test class [com.safetynet.alertsapp.controller.PersonControllerTest]: no resource found for suffixes {-context.xml, Context.groovy}.
2021-04-27 10:56:48.048  INFO 7044 --- [main] t.c.s.AnnotationConfigContextLoaderUtils : Could not detect default configuration classes for test class [com.safetynet.alertsapp.controller.PersonControllerTest]: PersonControllerTest does not declare any static, non-private, non-final, nested classes annotated with @Configuration.
2021-04-27 10:56:48.057  INFO 7044 --- [main] .b.t.c.SpringBootTestContextBootstrapper : Found @SpringBootConfiguration com.safetynet.alertsapp.SafetyNetAlertsApplication for test class com.safetynet.alertsapp.controller.PersonControllerTest
2021-04-27 10:56:48.060  INFO 7044 --- [main] .b.t.a.w.s.WebMvcTestContextBootstrapper : Loaded default TestExecutionListener class names from location [META-INF/spring.factories]: [org.springframework.boot.test.mock.mockito.MockitoTestExecutionListener, org.springframework.boot.test.mock.mockito.ResetMocksTestExecutionListener, org.springframework.boot.test.autoconfigure.restdocs.RestDocsTestExecutionListener, org.springframework.boot.test.autoconfigure.web.client.MockRestServiceServerResetTestExecutionListener, org.springframework.boot.test.autoconfigure.web.servlet.MockMvcPrintOnlyOnFailureTestExecutionListener, org.springframework.boot.test.autoconfigure.web.servlet.WebDriverTestExecutionListener, org.springframework.boot.test.autoconfigure.webservices.client.MockWebServiceServerTestExecutionListener, org.springframework.test.context.web.ServletTestExecutionListener, org.springframework.test.context.support.DirtiesContextBeforeModesTestExecutionListener, org.springframework.test.context.event.ApplicationEventsTestExecutionListener, org.springframework.test.context.support.DependencyInjectionTestExecutionListener, org.springframework.test.context.support.DirtiesContextTestExecutionListener, org.springframework.test.context.transaction.TransactionalTestExecutionListener, org.springframework.test.context.jdbc.SqlScriptsTestExecutionListener, org.springframework.test.context.event.EventPublishingTestExecutionListener]
2021-04-27 10:56:48.064  INFO 7044 --- [main] .b.t.a.w.s.WebMvcTestContextBootstrapper : Using TestExecutionListeners: [org.springframework.test.context.web.ServletTestExecutionListener@a5491ab, org.springframework.test.context.support.DirtiesContextBeforeModesTestExecutionListener@27a18e3b, org.springframework.test.context.event.ApplicationEventsTestExecutionListener@76171039, org.springframework.boot.test.mock.mockito.MockitoTestExecutionListener@1d763ab2, org.springframework.boot.test.autoconfigure.SpringBootDependencyInjectionTestExecutionListener@3381297e, org.springframework.test.context.support.DirtiesContextTestExecutionListener@18faa963, org.springframework.test.context.event.EventPublishingTestExecutionListener@56a2f49d, org.springframework.boot.test.mock.mockito.ResetMocksTestExecutionListener@7aadf751, org.springframework.boot.test.autoconfigure.restdocs.RestDocsTestExecutionListener@405dfba3, org.springframework.boot.test.autoconfigure.web.client.MockRestServiceServerResetTestExecutionListener@da1e37a, org.springframework.boot.test.autoconfigure.web.servlet.MockMvcPrintOnlyOnFailureTestExecutionListener@4ce6e84f, org.springframework.boot.test.autoconfigure.web.servlet.WebDriverTestExecutionListener@596499fd, org.springframework.boot.test.autoconfigure.webservices.client.MockWebServiceServerTestExecutionListener@76cbf191]
2021-04-27 10:56:48.175  INFO 7044 --- [main] c.s.a.controller.PersonControllerTest    : Starting PersonControllerTest using Java 11.0.7 on DESKTOP-QTFVOKI with PID 7044 (started by jerome in C:\Users\jerome\git\safetynetalerts)
2021-04-27 10:56:48.179  INFO 7044 --- [main] c.s.a.controller.PersonControllerTest    : No active profile set, falling back to default profiles: default
2021-04-27 10:56:48.919  INFO 7044 --- [main] o.s.s.concurrent.ThreadPoolTaskExecutor  : Initializing ExecutorService 'applicationTaskExecutor'
2021-04-27 10:56:49.326  INFO 7044 --- [main] o.s.b.t.m.w.SpringBootMockServletContext : Initializing Spring TestDispatcherServlet ''
2021-04-27 10:56:49.327  INFO 7044 --- [main] o.s.t.web.servlet.TestDispatcherServlet  : Initializing Servlet ''
2021-04-27 10:56:49.329  INFO 7044 --- [main] o.s.t.web.servlet.TestDispatcherServlet  : Completed initialization in 1 ms
2021-04-27 10:56:49.359  INFO 7044 --- [main] c.s.a.controller.PersonControllerTest    : Started PersonControllerTest in 1.287 seconds (JVM running for 16.237)
2021-04-27 10:56:49.510  INFO 7044 --- [main] .b.t.a.w.s.WebMvcTestContextBootstrapper : Neither @ContextConfiguration nor @ContextHierarchy found for test class [com.safetynet.alertsapp.controller.SafetynetalertsControllerTest], using SpringBootContextLoader
2021-04-27 10:56:49.512  INFO 7044 --- [main] o.s.t.c.support.AbstractContextLoader    : Could not detect default resource locations for test class [com.safetynet.alertsapp.controller.SafetynetalertsControllerTest]: no resource found for suffixes {-context.xml, Context.groovy}.
2021-04-27 10:56:49.513  INFO 7044 --- [main] t.c.s.AnnotationConfigContextLoaderUtils : Could not detect default configuration classes for test class [com.safetynet.alertsapp.controller.SafetynetalertsControllerTest]: SafetynetalertsControllerTest does not declare any static, non-private, non-final, nested classes annotated with @Configuration.
2021-04-27 10:56:49.523  INFO 7044 --- [main] .b.t.c.SpringBootTestContextBootstrapper : Found @SpringBootConfiguration com.safetynet.alertsapp.SafetyNetAlertsApplication for test class com.safetynet.alertsapp.controller.SafetynetalertsControllerTest
2021-04-27 10:56:49.525  INFO 7044 --- [main] .b.t.a.w.s.WebMvcTestContextBootstrapper : Loaded default TestExecutionListener class names from location [META-INF/spring.factories]: [org.springframework.boot.test.mock.mockito.MockitoTestExecutionListener, org.springframework.boot.test.mock.mockito.ResetMocksTestExecutionListener, org.springframework.boot.test.autoconfigure.restdocs.RestDocsTestExecutionListener, org.springframework.boot.test.autoconfigure.web.client.MockRestServiceServerResetTestExecutionListener, org.springframework.boot.test.autoconfigure.web.servlet.MockMvcPrintOnlyOnFailureTestExecutionListener, org.springframework.boot.test.autoconfigure.web.servlet.WebDriverTestExecutionListener, org.springframework.boot.test.autoconfigure.webservices.client.MockWebServiceServerTestExecutionListener, org.springframework.test.context.web.ServletTestExecutionListener, org.springframework.test.context.support.DirtiesContextBeforeModesTestExecutionListener, org.springframework.test.context.event.ApplicationEventsTestExecutionListener, org.springframework.test.context.support.DependencyInjectionTestExecutionListener, org.springframework.test.context.support.DirtiesContextTestExecutionListener, org.springframework.test.context.transaction.TransactionalTestExecutionListener, org.springframework.test.context.jdbc.SqlScriptsTestExecutionListener, org.springframework.test.context.event.EventPublishingTestExecutionListener]
2021-04-27 10:56:49.527  INFO 7044 --- [main] .b.t.a.w.s.WebMvcTestContextBootstrapper : Using TestExecutionListeners: [org.springframework.test.context.web.ServletTestExecutionListener@73ce275a, org.springframework.test.context.support.DirtiesContextBeforeModesTestExecutionListener@51af9a89, org.springframework.test.context.event.ApplicationEventsTestExecutionListener@3abe0067, org.springframework.boot.test.mock.mockito.MockitoTestExecutionListener@3cd0df14, org.springframework.boot.test.autoconfigure.SpringBootDependencyInjectionTestExecutionListener@3ea6cb23, org.springframework.test.context.support.DirtiesContextTestExecutionListener@13f065ac, org.springframework.test.context.event.EventPublishingTestExecutionListener@5987e28d, org.springframework.boot.test.mock.mockito.ResetMocksTestExecutionListener@6395aed6, org.springframework.boot.test.autoconfigure.restdocs.RestDocsTestExecutionListener@6b629e54, org.springframework.boot.test.autoconfigure.web.client.MockRestServiceServerResetTestExecutionListener@7b2f5b91, org.springframework.boot.test.autoconfigure.web.servlet.MockMvcPrintOnlyOnFailureTestExecutionListener@1d5a4df3, org.springframework.boot.test.autoconfigure.web.servlet.WebDriverTestExecutionListener@53f7a390, org.springframework.boot.test.autoconfigure.webservices.client.MockWebServiceServerTestExecutionListener@2c981784]
2021-04-27 10:56:49.656  INFO 7044 --- [main] c.s.a.c.SafetynetalertsControllerTest    : Starting SafetynetalertsControllerTest using Java 11.0.7 on DESKTOP-QTFVOKI with PID 7044 (started by jerome in C:\Users\jerome\git\safetynetalerts)
2021-04-27 10:56:49.657  INFO 7044 --- [main] c.s.a.c.SafetynetalertsControllerTest    : No active profile set, falling back to default profiles: default
2021-04-27 10:56:50.435  INFO 7044 --- [main] o.s.s.concurrent.ThreadPoolTaskExecutor  : Initializing ExecutorService 'applicationTaskExecutor'
2021-04-27 10:56:50.828  INFO 7044 --- [main] o.s.b.t.m.w.SpringBootMockServletContext : Initializing Spring TestDispatcherServlet ''
2021-04-27 10:56:50.829  INFO 7044 --- [main] o.s.t.web.servlet.TestDispatcherServlet  : Initializing Servlet ''
2021-04-27 10:56:50.831  INFO 7044 --- [main] o.s.t.web.servlet.TestDispatcherServlet  : Completed initialization in 1 ms
2021-04-27 10:56:50.866  INFO 7044 --- [main] c.s.a.c.SafetynetalertsControllerTest    : Started SafetynetalertsControllerTest in 1.333 seconds (JVM running for 17.744)
2021-04-27 10:56:51.001  INFO 7044 --- [main] .b.t.a.w.s.WebMvcTestContextBootstrapper : Neither @ContextConfiguration nor @ContextHierarchy found for test class [com.safetynet.alertsapp.controller.FirestationControllerTest], using SpringBootContextLoader
2021-04-27 10:56:51.003  INFO 7044 --- [main] o.s.t.c.support.AbstractContextLoader    : Could not detect default resource locations for test class [com.safetynet.alertsapp.controller.FirestationControllerTest]: no resource found for suffixes {-context.xml, Context.groovy}.
2021-04-27 10:56:51.004  INFO 7044 --- [main] t.c.s.AnnotationConfigContextLoaderUtils : Could not detect default configuration classes for test class [com.safetynet.alertsapp.controller.FirestationControllerTest]: FirestationControllerTest does not declare any static, non-private, non-final, nested classes annotated with @Configuration.
2021-04-27 10:56:51.013  INFO 7044 --- [main] .b.t.c.SpringBootTestContextBootstrapper : Found @SpringBootConfiguration com.safetynet.alertsapp.SafetyNetAlertsApplication for test class com.safetynet.alertsapp.controller.FirestationControllerTest
2021-04-27 10:56:51.019  INFO 7044 --- [main] .b.t.a.w.s.WebMvcTestContextBootstrapper : Loaded default TestExecutionListener class names from location [META-INF/spring.factories]: [org.springframework.boot.test.mock.mockito.MockitoTestExecutionListener, org.springframework.boot.test.mock.mockito.ResetMocksTestExecutionListener, org.springframework.boot.test.autoconfigure.restdocs.RestDocsTestExecutionListener, org.springframework.boot.test.autoconfigure.web.client.MockRestServiceServerResetTestExecutionListener, org.springframework.boot.test.autoconfigure.web.servlet.MockMvcPrintOnlyOnFailureTestExecutionListener, org.springframework.boot.test.autoconfigure.web.servlet.WebDriverTestExecutionListener, org.springframework.boot.test.autoconfigure.webservices.client.MockWebServiceServerTestExecutionListener, org.springframework.test.context.web.ServletTestExecutionListener, org.springframework.test.context.support.DirtiesContextBeforeModesTestExecutionListener, org.springframework.test.context.event.ApplicationEventsTestExecutionListener, org.springframework.test.context.support.DependencyInjectionTestExecutionListener, org.springframework.test.context.support.DirtiesContextTestExecutionListener, org.springframework.test.context.transaction.TransactionalTestExecutionListener, org.springframework.test.context.jdbc.SqlScriptsTestExecutionListener, org.springframework.test.context.event.EventPublishingTestExecutionListener]
2021-04-27 10:56:51.022  INFO 7044 --- [main] .b.t.a.w.s.WebMvcTestContextBootstrapper : Using TestExecutionListeners: [org.springframework.test.context.web.ServletTestExecutionListener@60a1910f, org.springframework.test.context.support.DirtiesContextBeforeModesTestExecutionListener@936c949, org.springframework.test.context.event.ApplicationEventsTestExecutionListener@30e6a3f5, org.springframework.boot.test.mock.mockito.MockitoTestExecutionListener@6cf22b65, org.springframework.boot.test.autoconfigure.SpringBootDependencyInjectionTestExecutionListener@37e61d, org.springframework.test.context.support.DirtiesContextTestExecutionListener@3f740bd3, org.springframework.test.context.event.EventPublishingTestExecutionListener@3a08eec3, org.springframework.boot.test.mock.mockito.ResetMocksTestExecutionListener@475c43e4, org.springframework.boot.test.autoconfigure.restdocs.RestDocsTestExecutionListener@7864521c, org.springframework.boot.test.autoconfigure.web.client.MockRestServiceServerResetTestExecutionListener@6751f450, org.springframework.boot.test.autoconfigure.web.servlet.MockMvcPrintOnlyOnFailureTestExecutionListener@1a52608f, org.springframework.boot.test.autoconfigure.web.servlet.WebDriverTestExecutionListener@3f345342, org.springframework.boot.test.autoconfigure.webservices.client.MockWebServiceServerTestExecutionListener@651a020a]
2021-04-27 10:56:51.104  INFO 7044 --- [main] c.s.a.c.FirestationControllerTest        : Starting FirestationControllerTest using Java 11.0.7 on DESKTOP-QTFVOKI with PID 7044 (started by jerome in C:\Users\jerome\git\safetynetalerts)
2021-04-27 10:56:51.106  INFO 7044 --- [main] c.s.a.c.FirestationControllerTest        : No active profile set, falling back to default profiles: default
2021-04-27 10:56:51.762  INFO 7044 --- [main] o.s.s.concurrent.ThreadPoolTaskExecutor  : Initializing ExecutorService 'applicationTaskExecutor'
2021-04-27 10:56:52.089  INFO 7044 --- [main] o.s.b.t.m.w.SpringBootMockServletContext : Initializing Spring TestDispatcherServlet ''
2021-04-27 10:56:52.090  INFO 7044 --- [main] o.s.t.web.servlet.TestDispatcherServlet  : Initializing Servlet ''
2021-04-27 10:56:52.092  INFO 7044 --- [main] o.s.t.web.servlet.TestDispatcherServlet  : Completed initialization in 1 ms
2021-04-27 10:56:52.124  INFO 7044 --- [main] c.s.a.c.FirestationControllerTest        : Started FirestationControllerTest in 1.096 seconds (JVM running for 19.002)
2021-04-27 10:56:52.339  INFO 7044 --- [main] .b.t.c.SpringBootTestContextBootstrapper : Neither @ContextConfiguration nor @ContextHierarchy found for test class [com.safetynet.alertsapp.SafetyNetAlertsApplicationTests], using SpringBootContextLoader
2021-04-27 10:56:52.341  INFO 7044 --- [main] o.s.t.c.support.AbstractContextLoader    : Could not detect default resource locations for test class [com.safetynet.alertsapp.SafetyNetAlertsApplicationTests]: no resource found for suffixes {-context.xml, Context.groovy}.
2021-04-27 10:56:52.342  INFO 7044 --- [main] t.c.s.AnnotationConfigContextLoaderUtils : Could not detect default configuration classes for test class [com.safetynet.alertsapp.SafetyNetAlertsApplicationTests]: SafetyNetAlertsApplicationTests does not declare any static, non-private, non-final, nested classes annotated with @Configuration.
2021-04-27 10:56:52.353  INFO 7044 --- [main] .b.t.c.SpringBootTestContextBootstrapper : Found @SpringBootConfiguration com.safetynet.alertsapp.SafetyNetAlertsApplication for test class com.safetynet.alertsapp.SafetyNetAlertsApplicationTests
2021-04-27 10:56:52.363  INFO 7044 --- [main] .b.t.c.SpringBootTestContextBootstrapper : Loaded default TestExecutionListener class names from location [META-INF/spring.factories]: [org.springframework.boot.test.mock.mockito.MockitoTestExecutionListener, org.springframework.boot.test.mock.mockito.ResetMocksTestExecutionListener, org.springframework.boot.test.autoconfigure.restdocs.RestDocsTestExecutionListener, org.springframework.boot.test.autoconfigure.web.client.MockRestServiceServerResetTestExecutionListener, org.springframework.boot.test.autoconfigure.web.servlet.MockMvcPrintOnlyOnFailureTestExecutionListener, org.springframework.boot.test.autoconfigure.web.servlet.WebDriverTestExecutionListener, org.springframework.boot.test.autoconfigure.webservices.client.MockWebServiceServerTestExecutionListener, org.springframework.test.context.web.ServletTestExecutionListener, org.springframework.test.context.support.DirtiesContextBeforeModesTestExecutionListener, org.springframework.test.context.event.ApplicationEventsTestExecutionListener, org.springframework.test.context.support.DependencyInjectionTestExecutionListener, org.springframework.test.context.support.DirtiesContextTestExecutionListener, org.springframework.test.context.transaction.TransactionalTestExecutionListener, org.springframework.test.context.jdbc.SqlScriptsTestExecutionListener, org.springframework.test.context.event.EventPublishingTestExecutionListener]
2021-04-27 10:56:52.365  INFO 7044 --- [main] .b.t.c.SpringBootTestContextBootstrapper : Using TestExecutionListeners: [org.springframework.test.context.web.ServletTestExecutionListener@1a293bbf, org.springframework.test.context.support.DirtiesContextBeforeModesTestExecutionListener@4bd18e68, org.springframework.test.context.event.ApplicationEventsTestExecutionListener@6b024be2, org.springframework.boot.test.mock.mockito.MockitoTestExecutionListener@545ae342, org.springframework.boot.test.autoconfigure.SpringBootDependencyInjectionTestExecutionListener@7fddeb5, org.springframework.test.context.support.DirtiesContextTestExecutionListener@4098b2ec, org.springframework.test.context.event.EventPublishingTestExecutionListener@39bcac46, org.springframework.boot.test.mock.mockito.ResetMocksTestExecutionListener@3a7f08c0, org.springframework.boot.test.autoconfigure.restdocs.RestDocsTestExecutionListener@539e714c, org.springframework.boot.test.autoconfigure.web.client.MockRestServiceServerResetTestExecutionListener@5694b601, org.springframework.boot.test.autoconfigure.web.servlet.MockMvcPrintOnlyOnFailureTestExecutionListener@a16ee09, org.springframework.boot.test.autoconfigure.web.servlet.WebDriverTestExecutionListener@48edce83, org.springframework.boot.test.autoconfigure.webservices.client.MockWebServiceServerTestExecutionListener@68d9c2c3]
2021-04-27 10:56:52.420  INFO 7044 --- [main] c.s.a.SafetyNetAlertsApplicationTests    : Starting SafetyNetAlertsApplicationTests using Java 11.0.7 on DESKTOP-QTFVOKI with PID 7044 (started by jerome in C:\Users\jerome\git\safetynetalerts)
2021-04-27 10:56:52.422  INFO 7044 --- [main] c.s.a.SafetyNetAlertsApplicationTests    : No active profile set, falling back to default profiles: default
2021-04-27 10:56:54.500  INFO 7044 --- [main] o.s.s.concurrent.ThreadPoolTaskExecutor  : Initializing ExecutorService 'applicationTaskExecutor'
2021-04-27 10:56:55.346  INFO 7044 --- [main] o.s.b.a.e.web.EndpointLinksResolver      : Exposing 4 endpoint(s) beneath base path '/actuator'
2021-04-27 10:56:55.466  INFO 7044 --- [main] c.s.a.SafetyNetAlertsApplicationTests    : Started SafetyNetAlertsApplicationTests in 3.097 seconds (JVM running for 22.344)
2021-04-27 10:56:57.078 ERROR 7044 --- [main] c.s.a.jsonfilemapper.JsonFileMapper      : medicalrecords loadJsonDataFromFile has failed: com.fasterxml.jackson.core.JsonParseException: N/A , message: N/A
2021-04-27 10:56:57.099 ERROR 7044 --- [main] c.s.a.jsonfilemapper.JsonFileMapper      : medicalrecords loadJsonDataFromFile has failed: java.io.IOException , message: null
2021-04-27 10:56:57.186 ERROR 7044 --- [main] c.s.a.r.MedicalrecordRepository          : Found 2 Medicalrecords for John Doe
2021-04-27 10:56:57.344 ERROR 7044 --- [main] c.s.a.repository.PersonRepository        : Found 2 persons for Matt Damon , but was expecting 1.
2021-04-27 10:56:57.472 ERROR 7044 --- [main] c.s.a.repository.FirestationRepository   : Found 2 firestations for address=adress1 , but was expecting 1.
2021-04-27 10:56:57.751 ERROR 7044 --- [main] c.s.alertsapp.service.PersonService      : Person already exist: New NewName
2021-04-27 10:56:57.767 ERROR 7044 --- [main] c.s.alertsapp.service.PersonService      : Technical error creating or updating person

java.lang.IllegalStateException: null

2021-04-27 10:56:57.772 ERROR 7044 --- [main] c.s.alertsapp.service.PersonService      : Person not found: John Doe
2021-04-27 10:56:57.796 ERROR 7044 --- [main] c.s.alertsapp.service.PersonService      : Person does not exist: John Unknown
2021-04-27 10:56:57.801 ERROR 7044 --- [main] c.s.alertsapp.service.PersonService      : Technical error creating or updating person

java.lang.IllegalStateException: null

2021-04-27 10:56:57.812 ERROR 7044 --- [main] c.s.a.service.FirestationService         : Firestation not found: station=1
2021-04-27 10:56:57.820 ERROR 7044 --- [main] c.s.a.service.FirestationService         : Firestation does not exist: address=address 
2021-04-27 10:56:57.826 ERROR 7044 --- [main] c.s.a.service.FirestationService         : Firestation not found: address=address
2021-04-27 10:56:57.838 ERROR 7044 --- [main] c.s.a.service.FirestationService         : Firestation already exist for address=NewAddress, station=1
2021-04-27 10:56:57.849 ERROR 7044 --- [main] c.s.a.service.FirestationService         : Technical error updating firestation

java.lang.IllegalStateException: null

2021-04-27 10:56:57.853 ERROR 7044 --- [main] c.s.a.service.FirestationService         : Technical error creating firestation

java.lang.IllegalStateException: null

2021-04-27 10:56:57.872 ERROR 7044 --- [main] c.s.a.service.MedicalrecordService       : Technical error creating or updating medicalrecord

java.lang.IllegalStateException: null

2021-04-27 10:56:57.878 ERROR 7044 --- [main] c.s.a.service.MedicalrecordService       : Technical error creating or updating medicalrecord

java.lang.IllegalStateException: null

2021-04-27 10:56:57.887 ERROR 7044 --- [main] c.s.a.service.MedicalrecordService       : Medicalrecord does not exist: John Doe
2021-04-27 10:56:57.901 ERROR 7044 --- [main] c.s.a.service.MedicalrecordService       : Medicalrecord not found: John Doe
2021-04-27 10:56:57.911 ERROR 7044 --- [main] c.s.a.service.MedicalrecordService       : Medicalrecord already exist: New NewName
2021-04-27 10:56:57.975  INFO 7044 --- [SpringContextShutdownHook] o.s.s.concurrent.ThreadPoolTaskExecutor  : Shutting down ExecutorService 'applicationTaskExecutor'
2021-04-27 10:56:57.978  INFO 7044 --- [SpringContextShutdownHook] o.s.s.concurrent.ThreadPoolTaskExecutor  : Shutting down ExecutorService 'applicationTaskExecutor'
2021-04-27 10:56:57.982  INFO 7044 --- [SpringContextShutdownHook] o.s.s.concurrent.ThreadPoolTaskExecutor  : Shutting down ExecutorService 'applicationTaskExecutor'
2021-04-27 10:56:57.976  INFO 7044 --- [SpringContextShutdownHook] o.s.s.concurrent.ThreadPoolTaskExecutor  : Shutting down ExecutorService 'applicationTaskExecutor'
2021-04-27 10:56:57.976  INFO 7044 --- [SpringContextShutdownHook] o.s.s.concurrent.ThreadPoolTaskExecutor  : Shutting down ExecutorService 'applicationTaskExecutor'
2021-04-27 11:02:45.957  INFO 19180 --- [RMI TCP Connection(46)-127.0.0.1] inMXBeanRegistrar$SpringApplicationAdmin : Application shutdown requested.
2021-04-27 11:02:46.195  INFO 19180 --- [RMI TCP Connection(46)-127.0.0.1] o.s.s.concurrent.ThreadPoolTaskExecutor  : Shutting down ExecutorService 'applicationTaskExecutor'
2021-04-27 11:02:53.819  INFO 1496 --- [main] c.s.a.SafetyNetAlertsApplication         : Starting SafetyNetAlertsApplication using Java 11.0.7 on DESKTOP-QTFVOKI with PID 1496 (C:\Users\jerome\git\safetynetalerts\target\classes started by jerome in C:\Users\jerome\git\safetynetalerts)
2021-04-27 11:02:53.824  INFO 1496 --- [main] c.s.a.SafetyNetAlertsApplication         : No active profile set, falling back to default profiles: default
2021-04-27 11:02:55.357  INFO 1496 --- [main] o.s.b.w.embedded.tomcat.TomcatWebServer  : Tomcat initialized with port(s): 8080 (http)
2021-04-27 11:02:55.373  INFO 1496 --- [main] o.apache.catalina.core.StandardService   : Starting service [Tomcat]
2021-04-27 11:02:55.373  INFO 1496 --- [main] org.apache.catalina.core.StandardEngine  : Starting Servlet engine: [Apache Tomcat/9.0.44]
2021-04-27 11:02:55.494  INFO 1496 --- [main] o.a.c.c.C.[Tomcat].[localhost].[/]       : Initializing Spring embedded WebApplicationContext
2021-04-27 11:02:55.494  INFO 1496 --- [main] w.s.c.ServletWebServerApplicationContext : Root WebApplicationContext: initialization completed in 1594 ms
2021-04-27 11:02:56.111  INFO 1496 --- [main] o.s.s.concurrent.ThreadPoolTaskExecutor  : Initializing ExecutorService 'applicationTaskExecutor'
2021-04-27 11:02:56.515  INFO 1496 --- [main] o.s.b.a.e.web.EndpointLinksResolver      : Exposing 4 endpoint(s) beneath base path '/actuator'
2021-04-27 11:02:56.594  INFO 1496 --- [main] o.s.b.w.embedded.tomcat.TomcatWebServer  : Tomcat started on port(s): 8080 (http) with context path ''
2021-04-27 11:02:56.614  INFO 1496 --- [main] c.s.a.SafetyNetAlertsApplication         : Started SafetyNetAlertsApplication in 3.336 seconds (JVM running for 4.536)
2021-04-27 11:02:59.194  INFO 1496 --- [RMI TCP Connection(3)-127.0.0.1] o.a.c.c.C.[Tomcat].[localhost].[/]       : Initializing Spring DispatcherServlet 'dispatcherServlet'
2021-04-27 11:02:59.196  INFO 1496 --- [RMI TCP Connection(3)-127.0.0.1] o.s.web.servlet.DispatcherServlet        : Initializing Servlet 'dispatcherServlet'
2021-04-27 11:02:59.197  INFO 1496 --- [RMI TCP Connection(3)-127.0.0.1] o.s.web.servlet.DispatcherServlet        : Completed initialization in 1 ms
2021-04-27 11:03:47.046 ERROR 1496 --- [http-nio-8080-exec-3] c.s.alertsapp.service.PersonService      : Person already exist: Jason Arnold
2021-04-27 11:15:56.411 ERROR 1496 --- [http-nio-8080-exec-5] c.s.alertsapp.service.PersonService      : Person already exist: Jason Arnold
2021-04-27 11:16:00.142  INFO 1496 --- [RMI TCP Connection(22)-127.0.0.1] inMXBeanRegistrar$SpringApplicationAdmin : Application shutdown requested.
2021-04-27 11:16:00.343  INFO 1496 --- [RMI TCP Connection(22)-127.0.0.1] o.s.s.concurrent.ThreadPoolTaskExecutor  : Shutting down ExecutorService 'applicationTaskExecutor'
2021-04-27 11:16:14.619  INFO 19912 --- [main] c.s.a.SafetyNetAlertsApplication         : Starting SafetyNetAlertsApplication using Java 11.0.7 on DESKTOP-QTFVOKI with PID 19912 (C:\Users\jerome\git\safetynetalerts\target\classes started by jerome in C:\Users\jerome\git\safetynetalerts)
2021-04-27 11:16:14.624  INFO 19912 --- [main] c.s.a.SafetyNetAlertsApplication         : No active profile set, falling back to default profiles: default
2021-04-27 11:16:16.196  INFO 19912 --- [main] o.s.b.w.embedded.tomcat.TomcatWebServer  : Tomcat initialized with port(s): 8080 (http)
2021-04-27 11:16:16.212  INFO 19912 --- [main] o.apache.catalina.core.StandardService   : Starting service [Tomcat]
2021-04-27 11:16:16.212  INFO 19912 --- [main] org.apache.catalina.core.StandardEngine  : Starting Servlet engine: [Apache Tomcat/9.0.44]
2021-04-27 11:16:16.326  INFO 19912 --- [main] o.a.c.c.C.[Tomcat].[localhost].[/]       : Initializing Spring embedded WebApplicationContext
2021-04-27 11:16:16.326  INFO 19912 --- [main] w.s.c.ServletWebServerApplicationContext : Root WebApplicationContext: initialization completed in 1624 ms
2021-04-27 11:16:16.959  INFO 19912 --- [main] o.s.s.concurrent.ThreadPoolTaskExecutor  : Initializing ExecutorService 'applicationTaskExecutor'
2021-04-27 11:16:17.408  INFO 19912 --- [main] o.s.b.a.e.web.EndpointLinksResolver      : Exposing 4 endpoint(s) beneath base path '/actuator'
2021-04-27 11:16:17.475  INFO 19912 --- [main] o.s.b.w.embedded.tomcat.TomcatWebServer  : Tomcat started on port(s): 8080 (http) with context path ''
2021-04-27 11:16:17.498  INFO 19912 --- [main] c.s.a.SafetyNetAlertsApplication         : Started SafetyNetAlertsApplication in 3.521 seconds (JVM running for 4.783)
2021-04-27 11:16:20.388  INFO 19912 --- [RMI TCP Connection(3)-127.0.0.1] o.a.c.c.C.[Tomcat].[localhost].[/]       : Initializing Spring DispatcherServlet 'dispatcherServlet'
2021-04-27 11:16:20.390  INFO 19912 --- [RMI TCP Connection(3)-127.0.0.1] o.s.web.servlet.DispatcherServlet        : Initializing Servlet 'dispatcherServlet'
2021-04-27 11:16:20.391  INFO 19912 --- [RMI TCP Connection(3)-127.0.0.1] o.s.web.servlet.DispatcherServlet        : Completed initialization in 1 ms
2021-04-27 11:16:39.131 ERROR 19912 --- [http-nio-8080-exec-6] c.s.alertsapp.service.PersonService      : Person already exist: Jason Arnold
2021-04-27 11:35:04.915  INFO 19912 --- [RMI TCP Connection(31)-127.0.0.1] inMXBeanRegistrar$SpringApplicationAdmin : Application shutdown requested.
2021-04-27 11:35:05.117  INFO 19912 --- [RMI TCP Connection(31)-127.0.0.1] o.s.s.concurrent.ThreadPoolTaskExecutor  : Shutting down ExecutorService 'applicationTaskExecutor'
2021-04-27 11:35:12.695  INFO 6252 --- [main] c.s.a.SafetyNetAlertsApplication         : Starting SafetyNetAlertsApplication using Java 11.0.7 on DESKTOP-QTFVOKI with PID 6252 (C:\Users\jerome\git\safetynetalerts\target\classes started by jerome in C:\Users\jerome\git\safetynetalerts)
2021-04-27 11:35:12.699  INFO 6252 --- [main] c.s.a.SafetyNetAlertsApplication         : No active profile set, falling back to default profiles: default
2021-04-27 11:35:14.259  INFO 6252 --- [main] o.s.b.w.embedded.tomcat.TomcatWebServer  : Tomcat initialized with port(s): 8080 (http)
2021-04-27 11:35:14.275  INFO 6252 --- [main] o.apache.catalina.core.StandardService   : Starting service [Tomcat]
2021-04-27 11:35:14.276  INFO 6252 --- [main] org.apache.catalina.core.StandardEngine  : Starting Servlet engine: [Apache Tomcat/9.0.44]
2021-04-27 11:35:14.417  INFO 6252 --- [main] o.a.c.c.C.[Tomcat].[localhost].[/]       : Initializing Spring embedded WebApplicationContext
2021-04-27 11:35:14.418  INFO 6252 --- [main] w.s.c.ServletWebServerApplicationContext : Root WebApplicationContext: initialization completed in 1636 ms
2021-04-27 11:35:15.003  INFO 6252 --- [main] o.s.s.concurrent.ThreadPoolTaskExecutor  : Initializing ExecutorService 'applicationTaskExecutor'
2021-04-27 11:35:15.463  INFO 6252 --- [main] o.s.b.a.e.web.EndpointLinksResolver      : Exposing 4 endpoint(s) beneath base path '/actuator'
2021-04-27 11:35:15.528  INFO 6252 --- [main] o.s.b.w.embedded.tomcat.TomcatWebServer  : Tomcat started on port(s): 8080 (http) with context path ''
2021-04-27 11:35:15.550  INFO 6252 --- [main] c.s.a.SafetyNetAlertsApplication         : Started SafetyNetAlertsApplication in 3.42 seconds (JVM running for 4.819)
2021-04-27 11:35:18.191  INFO 6252 --- [RMI TCP Connection(1)-127.0.0.1] o.a.c.c.C.[Tomcat].[localhost].[/]       : Initializing Spring DispatcherServlet 'dispatcherServlet'
2021-04-27 11:35:18.192  INFO 6252 --- [RMI TCP Connection(1)-127.0.0.1] o.s.web.servlet.DispatcherServlet        : Initializing Servlet 'dispatcherServlet'
2021-04-27 11:35:18.194  INFO 6252 --- [RMI TCP Connection(1)-127.0.0.1] o.s.web.servlet.DispatcherServlet        : Completed initialization in 2 ms
2021-04-27 11:35:33.464  INFO 6252 --- [http-nio-8080-exec-1] c.s.a.c.SafetynetalertsController        : GET /childAlert called
2021-04-27 11:35:36.529  INFO 6252 --- [http-nio-8080-exec-2] c.s.a.c.SafetynetalertsController        : GET /childAlert called
2021-04-27 11:35:39.197  INFO 6252 --- [http-nio-8080-exec-3] c.s.a.c.SafetynetalertsController        : GET /phoneAlert called
2021-04-27 11:35:41.604  INFO 6252 --- [http-nio-8080-exec-4] c.s.a.c.SafetynetalertsController        : GET /fire called
2021-04-27 11:35:45.644  INFO 6252 --- [http-nio-8080-exec-5] c.s.a.c.SafetynetalertsController        : GET /flood/stations called
2021-04-27 11:35:49.156  INFO 6252 --- [http-nio-8080-exec-7] c.s.a.c.SafetynetalertsController        : GET /personInfo called
2021-04-27 11:36:02.610  INFO 6252 --- [http-nio-8080-exec-8] c.s.a.c.SafetynetalertsController        : GET /communityEmail called
2021-04-27 11:36:06.760  INFO 6252 --- [http-nio-8080-exec-10] c.s.a.controller.PersonController        : POST /person called
2021-04-27 11:36:10.713  INFO 6252 --- [http-nio-8080-exec-9] c.s.a.controller.PersonController        : PUT /person called
2021-04-27 11:36:15.130  INFO 6252 --- [http-nio-8080-exec-1] c.s.a.controller.PersonController        : DELETE /person called
2021-04-27 11:36:19.618  INFO 6252 --- [http-nio-8080-exec-2] c.s.a.controller.FirestationController   : POST /firestation called
2021-04-27 11:36:22.631  INFO 6252 --- [http-nio-8080-exec-3] c.s.a.controller.FirestationController   : DELETE /firestation?station called
2021-04-27 11:36:25.403  INFO 6252 --- [http-nio-8080-exec-4] c.s.a.c.MedicalrecordController          : DELETE /medicalRecord called
2021-04-27 14:00:31.997  INFO 6252 --- [RMI TCP Connection(17)-127.0.0.1] inMXBeanRegistrar$SpringApplicationAdmin : Application shutdown requested.
2021-04-27 14:00:32.220  INFO 6252 --- [RMI TCP Connection(17)-127.0.0.1] o.s.s.concurrent.ThreadPoolTaskExecutor  : Shutting down ExecutorService 'applicationTaskExecutor'
2021-04-27 14:00:40.171  INFO 9636 --- [main] c.s.a.SafetyNetAlertsApplication         : Starting SafetyNetAlertsApplication using Java 11.0.7 on DESKTOP-QTFVOKI with PID 9636 (C:\Users\jerome\git\safetynetalerts\target\classes started by jerome in C:\Users\jerome\git\safetynetalerts)
2021-04-27 14:00:40.175  INFO 9636 --- [main] c.s.a.SafetyNetAlertsApplication         : No active profile set, falling back to default profiles: default
2021-04-27 14:00:42.003  INFO 9636 --- [main] o.s.b.w.embedded.tomcat.TomcatWebServer  : Tomcat initialized with port(s): 8080 (http)
2021-04-27 14:00:42.021  INFO 9636 --- [main] o.apache.catalina.core.StandardService   : Starting service [Tomcat]
2021-04-27 14:00:42.022  INFO 9636 --- [main] org.apache.catalina.core.StandardEngine  : Starting Servlet engine: [Apache Tomcat/9.0.44]
2021-04-27 14:00:42.158  INFO 9636 --- [main] o.a.c.c.C.[Tomcat].[localhost].[/]       : Initializing Spring embedded WebApplicationContext
2021-04-27 14:00:42.159  INFO 9636 --- [main] w.s.c.ServletWebServerApplicationContext : Root WebApplicationContext: initialization completed in 1904 ms
2021-04-27 14:00:42.775  INFO 9636 --- [main] o.s.s.concurrent.ThreadPoolTaskExecutor  : Initializing ExecutorService 'applicationTaskExecutor'
2021-04-27 14:00:43.191  INFO 9636 --- [main] o.s.b.a.e.web.EndpointLinksResolver      : Exposing 4 endpoint(s) beneath base path '/actuator'
2021-04-27 14:00:43.258  INFO 9636 --- [main] o.s.b.w.embedded.tomcat.TomcatWebServer  : Tomcat started on port(s): 8080 (http) with context path ''
2021-04-27 14:00:43.281  INFO 9636 --- [main] c.s.a.SafetyNetAlertsApplication         : Started SafetyNetAlertsApplication in 3.76 seconds (JVM running for 4.965)
2021-04-27 14:00:43.663  INFO 9636 --- [RMI TCP Connection(3)-127.0.0.1] o.a.c.c.C.[Tomcat].[localhost].[/]       : Initializing Spring DispatcherServlet 'dispatcherServlet'
2021-04-27 14:00:43.664  INFO 9636 --- [RMI TCP Connection(3)-127.0.0.1] o.s.web.servlet.DispatcherServlet        : Initializing Servlet 'dispatcherServlet'
2021-04-27 14:00:43.666  INFO 9636 --- [RMI TCP Connection(3)-127.0.0.1] o.s.web.servlet.DispatcherServlet        : Completed initialization in 2 ms
2021-04-27 14:00:52.322  INFO 9636 --- [http-nio-8080-exec-1] c.s.a.c.SafetynetalertsController        : GET /personInfo called
2021-04-27 14:00:52.336  INFO 9636 --- [http-nio-8080-exec-1] c.s.a.c.SafetynetalertsController        : GET /personInfo response : OK
2021-04-27 14:01:00.714  INFO 9636 --- [http-nio-8080-exec-2] c.s.a.c.SafetynetalertsController        : GET /phoneAlert called
2021-04-27 14:01:00.716  INFO 9636 --- [http-nio-8080-exec-2] c.s.a.c.SafetynetalertsController        : GET /phoneAlert response : OK
2021-04-27 14:01:04.386  INFO 9636 --- [http-nio-8080-exec-3] c.s.a.c.SafetynetalertsController        : GET /childAlert called
2021-04-27 14:01:04.388  INFO 9636 --- [http-nio-8080-exec-3] c.s.a.c.SafetynetalertsController        : GET /childAlert response : OK
2021-04-27 14:01:09.203  INFO 9636 --- [http-nio-8080-exec-4] c.s.a.c.SafetynetalertsController        : GET /firestation called
2021-04-27 14:01:09.205  INFO 9636 --- [http-nio-8080-exec-4] c.s.a.c.SafetynetalertsController        : GET /firestation response : OK
2021-04-27 14:03:10.977  INFO 9636 --- [RMI TCP Connection(13)-127.0.0.1] inMXBeanRegistrar$SpringApplicationAdmin : Application shutdown requested.
2021-04-27 14:03:11.182  INFO 9636 --- [RMI TCP Connection(13)-127.0.0.1] o.s.s.concurrent.ThreadPoolTaskExecutor  : Shutting down ExecutorService 'applicationTaskExecutor'
2021-04-27 14:03:18.606  INFO 21280 --- [main] c.s.a.SafetyNetAlertsApplication         : Starting SafetyNetAlertsApplication using Java 11.0.7 on DESKTOP-QTFVOKI with PID 21280 (C:\Users\jerome\git\safetynetalerts\target\classes started by jerome in C:\Users\jerome\git\safetynetalerts)
2021-04-27 14:03:18.610  INFO 21280 --- [main] c.s.a.SafetyNetAlertsApplication         : No active profile set, falling back to default profiles: default
2021-04-27 14:03:20.251  INFO 21280 --- [main] o.s.b.w.embedded.tomcat.TomcatWebServer  : Tomcat initialized with port(s): 8080 (http)
2021-04-27 14:03:20.266  INFO 21280 --- [main] o.apache.catalina.core.StandardService   : Starting service [Tomcat]
2021-04-27 14:03:20.267  INFO 21280 --- [main] org.apache.catalina.core.StandardEngine  : Starting Servlet engine: [Apache Tomcat/9.0.44]
2021-04-27 14:03:20.393  INFO 21280 --- [main] o.a.c.c.C.[Tomcat].[localhost].[/]       : Initializing Spring embedded WebApplicationContext
2021-04-27 14:03:20.394  INFO 21280 --- [main] w.s.c.ServletWebServerApplicationContext : Root WebApplicationContext: initialization completed in 1709 ms
2021-04-27 14:03:21.010  INFO 21280 --- [main] o.s.s.concurrent.ThreadPoolTaskExecutor  : Initializing ExecutorService 'applicationTaskExecutor'
2021-04-27 14:03:21.515  INFO 21280 --- [main] o.s.b.a.e.web.EndpointLinksResolver      : Exposing 4 endpoint(s) beneath base path '/actuator'
2021-04-27 14:03:21.625  INFO 21280 --- [main] o.s.b.w.embedded.tomcat.TomcatWebServer  : Tomcat started on port(s): 8080 (http) with context path ''
2021-04-27 14:03:21.655  INFO 21280 --- [main] c.s.a.SafetyNetAlertsApplication         : Started SafetyNetAlertsApplication in 3.631 seconds (JVM running for 4.864)
2021-04-27 14:03:21.945  INFO 21280 --- [RMI TCP Connection(3)-127.0.0.1] o.a.c.c.C.[Tomcat].[localhost].[/]       : Initializing Spring DispatcherServlet 'dispatcherServlet'
2021-04-27 14:03:21.946  INFO 21280 --- [RMI TCP Connection(3)-127.0.0.1] o.s.web.servlet.DispatcherServlet        : Initializing Servlet 'dispatcherServlet'
2021-04-27 14:03:21.947  INFO 21280 --- [RMI TCP Connection(3)-127.0.0.1] o.s.web.servlet.DispatcherServlet        : Completed initialization in 1 ms
2021-04-27 14:17:26.402  INFO 21280 --- [http-nio-8080-exec-3] c.s.a.c.SafetynetalertsController        : GET /communityEmail called
2021-04-27 14:17:26.403  INFO 21280 --- [http-nio-8080-exec-3] c.s.a.c.SafetynetalertsController        : GET /communityEmail response : OK
2021-04-27 14:17:30.315  INFO 21280 --- [http-nio-8080-exec-2] c.s.a.controller.PersonController        : POST /person called
2021-04-27 14:17:30.317  INFO 21280 --- [http-nio-8080-exec-2] c.s.a.controller.PersonController        : POST /person response : CREATED
2021-04-27 14:17:32.580  INFO 21280 --- [http-nio-8080-exec-4] c.s.a.controller.PersonController        : POST /person called
2021-04-27 14:17:32.580 ERROR 21280 --- [http-nio-8080-exec-4] c.s.alertsapp.service.PersonService      : Person already exist: Jason Arnold
2021-04-27 14:17:47.013  INFO 21280 --- [http-nio-8080-exec-5] c.s.a.controller.PersonController        : PUT /person called
2021-04-27 14:17:47.014  INFO 21280 --- [http-nio-8080-exec-5] c.s.a.controller.PersonController        : PUT /person response : OK
2021-04-27 14:17:49.400  INFO 21280 --- [http-nio-8080-exec-6] c.s.a.controller.PersonController        : PUT /person called
2021-04-27 14:17:49.401  INFO 21280 --- [http-nio-8080-exec-6] c.s.a.controller.PersonController        : PUT /person response : OK
2021-04-27 14:18:01.873  INFO 21280 --- [http-nio-8080-exec-7] c.s.a.controller.PersonController        : PUT /person called
2021-04-27 14:18:01.874 ERROR 21280 --- [http-nio-8080-exec-7] c.s.alertsapp.service.PersonService      : Person does not exist: Jason Arno
2021-04-27 14:18:13.151  INFO 21280 --- [http-nio-8080-exec-8] c.s.a.controller.PersonController        : PUT /person called
2021-04-27 14:18:13.152  INFO 21280 --- [http-nio-8080-exec-8] c.s.a.controller.PersonController        : PUT /person response : OK
2021-04-27 14:18:16.986  INFO 21280 --- [http-nio-8080-exec-9] c.s.a.controller.PersonController        : DELETE /person called
2021-04-27 14:18:16.987  INFO 21280 --- [http-nio-8080-exec-9] c.s.a.controller.PersonController        : DELETE /person response : GONE
2021-04-27 14:18:24.256  INFO 21280 --- [http-nio-8080-exec-10] c.s.a.controller.PersonController        : DELETE /person called
2021-04-27 14:18:24.257 ERROR 21280 --- [http-nio-8080-exec-10] c.s.alertsapp.service.PersonService      : Person not found: Jason Arnold
2021-04-27 14:18:34.107  INFO 21280 --- [http-nio-8080-exec-1] c.s.a.controller.FirestationController   : POST /firestation called
2021-04-27 14:18:38.988  INFO 21280 --- [http-nio-8080-exec-3] c.s.a.controller.FirestationController   : POST /firestation called
2021-04-27 14:18:38.989 ERROR 21280 --- [http-nio-8080-exec-3] c.s.a.service.FirestationService         : Firestation already exist for address=2nd street, station=1
2021-04-27 14:19:05.502  INFO 21280 --- [http-nio-8080-exec-2] c.s.a.controller.FirestationController   : POST /firestation called
2021-04-27 14:19:05.503 ERROR 21280 --- [http-nio-8080-exec-2] c.s.a.service.FirestationService         : Firestation already exist for address=2nd street, station=1
2021-04-27 14:19:10.344  INFO 21280 --- [http-nio-8080-exec-4] c.s.a.controller.FirestationController   : DELETE /firestation?station called
2021-04-27 14:19:19.732  INFO 21280 --- [http-nio-8080-exec-5] c.s.a.c.MedicalrecordController          : DELETE /medicalRecord called
2021-04-27 14:19:29.273  INFO 21280 --- [http-nio-8080-exec-6] c.s.a.c.MedicalrecordController          : DELETE /medicalRecord called
2021-04-27 14:19:29.274 ERROR 21280 --- [http-nio-8080-exec-6] c.s.a.service.MedicalrecordService       : Medicalrecord not found: Tenley Boyd
2021-04-27 14:20:10.845  INFO 21280 --- [RMI TCP Connection(28)-127.0.0.1] inMXBeanRegistrar$SpringApplicationAdmin : Application shutdown requested.
2021-04-27 14:20:11.050  INFO 21280 --- [RMI TCP Connection(28)-127.0.0.1] o.s.s.concurrent.ThreadPoolTaskExecutor  : Shutting down ExecutorService 'applicationTaskExecutor'
2021-04-27 14:20:18.529  INFO 10748 --- [main] c.s.a.SafetyNetAlertsApplication         : Starting SafetyNetAlertsApplication using Java 11.0.7 on DESKTOP-QTFVOKI with PID 10748 (C:\Users\jerome\git\safetynetalerts\target\classes started by jerome in C:\Users\jerome\git\safetynetalerts)
2021-04-27 14:20:18.533  INFO 10748 --- [main] c.s.a.SafetyNetAlertsApplication         : No active profile set, falling back to default profiles: default
2021-04-27 14:20:20.106  INFO 10748 --- [main] o.s.b.w.embedded.tomcat.TomcatWebServer  : Tomcat initialized with port(s): 8080 (http)
2021-04-27 14:20:20.123  INFO 10748 --- [main] o.apache.catalina.core.StandardService   : Starting service [Tomcat]
2021-04-27 14:20:20.124  INFO 10748 --- [main] org.apache.catalina.core.StandardEngine  : Starting Servlet engine: [Apache Tomcat/9.0.44]
2021-04-27 14:20:20.247  INFO 10748 --- [main] o.a.c.c.C.[Tomcat].[localhost].[/]       : Initializing Spring embedded WebApplicationContext
2021-04-27 14:20:20.248  INFO 10748 --- [main] w.s.c.ServletWebServerApplicationContext : Root WebApplicationContext: initialization completed in 1643 ms
2021-04-27 14:20:20.839  INFO 10748 --- [main] o.s.s.concurrent.ThreadPoolTaskExecutor  : Initializing ExecutorService 'applicationTaskExecutor'
2021-04-27 14:20:21.234  INFO 10748 --- [main] o.s.b.a.e.web.EndpointLinksResolver      : Exposing 4 endpoint(s) beneath base path '/actuator'
2021-04-27 14:20:21.296  INFO 10748 --- [main] o.s.b.w.embedded.tomcat.TomcatWebServer  : Tomcat started on port(s): 8080 (http) with context path ''
2021-04-27 14:20:21.317  INFO 10748 --- [main] c.s.a.SafetyNetAlertsApplication         : Started SafetyNetAlertsApplication in 3.379 seconds (JVM running for 4.544)
2021-04-27 14:20:22.563  INFO 10748 --- [RMI TCP Connection(9)-127.0.0.1] o.a.c.c.C.[Tomcat].[localhost].[/]       : Initializing Spring DispatcherServlet 'dispatcherServlet'
2021-04-27 14:20:22.564  INFO 10748 --- [RMI TCP Connection(9)-127.0.0.1] o.s.web.servlet.DispatcherServlet        : Initializing Servlet 'dispatcherServlet'
2021-04-27 14:20:22.566  INFO 10748 --- [RMI TCP Connection(9)-127.0.0.1] o.s.web.servlet.DispatcherServlet        : Completed initialization in 1 ms
2021-04-27 14:20:28.548  INFO 10748 --- [http-nio-8080-exec-2] c.s.a.c.MedicalrecordController          : DELETE /medicalRecord called
2021-04-27 14:20:28.549  INFO 10748 --- [http-nio-8080-exec-2] c.s.a.c.MedicalrecordController          : DELETE /medicalRecord response : GONE
2021-04-27 14:20:32.830  INFO 10748 --- [http-nio-8080-exec-3] c.s.a.c.MedicalrecordController          : DELETE /medicalRecord called
2021-04-27 14:20:32.831 ERROR 10748 --- [http-nio-8080-exec-3] c.s.a.service.MedicalrecordService       : Medicalrecord not found: Tenley Boyd
2021-04-27 14:24:26.197  INFO 10748 --- [RMI TCP Connection(13)-127.0.0.1] inMXBeanRegistrar$SpringApplicationAdmin : Application shutdown requested.
2021-04-27 14:24:26.419  INFO 10748 --- [RMI TCP Connection(13)-127.0.0.1] o.s.s.concurrent.ThreadPoolTaskExecutor  : Shutting down ExecutorService 'applicationTaskExecutor'
2021-04-27 14:24:33.818  INFO 17212 --- [main] c.s.a.SafetyNetAlertsApplication         : Starting SafetyNetAlertsApplication using Java 11.0.7 on DESKTOP-QTFVOKI with PID 17212 (C:\Users\jerome\git\safetynetalerts\target\classes started by jerome in C:\Users\jerome\git\safetynetalerts)
2021-04-27 14:24:33.822  INFO 17212 --- [main] c.s.a.SafetyNetAlertsApplication         : No active profile set, falling back to default profiles: default
2021-04-27 14:24:35.333  INFO 17212 --- [main] o.s.b.w.embedded.tomcat.TomcatWebServer  : Tomcat initialized with port(s): 8080 (http)
2021-04-27 14:24:35.348  INFO 17212 --- [main] o.apache.catalina.core.StandardService   : Starting service [Tomcat]
2021-04-27 14:24:35.348  INFO 17212 --- [main] org.apache.catalina.core.StandardEngine  : Starting Servlet engine: [Apache Tomcat/9.0.44]
2021-04-27 14:24:35.460  INFO 17212 --- [main] o.a.c.c.C.[Tomcat].[localhost].[/]       : Initializing Spring embedded WebApplicationContext
2021-04-27 14:24:35.460  INFO 17212 --- [main] w.s.c.ServletWebServerApplicationContext : Root WebApplicationContext: initialization completed in 1569 ms
2021-04-27 14:24:36.058  INFO 17212 --- [main] o.s.s.concurrent.ThreadPoolTaskExecutor  : Initializing ExecutorService 'applicationTaskExecutor'
2021-04-27 14:24:36.490  INFO 17212 --- [main] o.s.b.a.e.web.EndpointLinksResolver      : Exposing 4 endpoint(s) beneath base path '/actuator'
2021-04-27 14:24:36.579  INFO 17212 --- [main] o.s.b.w.embedded.tomcat.TomcatWebServer  : Tomcat started on port(s): 8080 (http) with context path ''
2021-04-27 14:24:36.601  INFO 17212 --- [main] c.s.a.SafetyNetAlertsApplication         : Started SafetyNetAlertsApplication in 3.337 seconds (JVM running for 4.532)
2021-04-27 14:24:36.638  INFO 17212 --- [RMI TCP Connection(3)-127.0.0.1] o.a.c.c.C.[Tomcat].[localhost].[/]       : Initializing Spring DispatcherServlet 'dispatcherServlet'
2021-04-27 14:24:36.638  INFO 17212 --- [RMI TCP Connection(3)-127.0.0.1] o.s.web.servlet.DispatcherServlet        : Initializing Servlet 'dispatcherServlet'
2021-04-27 14:24:36.640  INFO 17212 --- [RMI TCP Connection(3)-127.0.0.1] o.s.web.servlet.DispatcherServlet        : Completed initialization in 2 ms
2021-04-27 14:25:56.997  WARN 17212 --- [http-nio-8080-exec-2] .w.s.m.s.DefaultHandlerExceptionResolver : Resolved [org.springframework.web.bind.UnsatisfiedServletRequestParameterException: Parameter conditions "address" OR "station" not met for actual request parameters: ]
2021-04-27 14:26:15.861  INFO 17212 --- [http-nio-8080-exec-4] c.s.a.controller.FirestationController   : DELETE /firestation?station called
2021-04-27 14:26:15.862 ERROR 17212 --- [http-nio-8080-exec-4] c.s.a.service.FirestationService         : Firestation not found: station=15
2021-04-27 14:27:02.057  INFO 17212 --- [http-nio-8080-exec-5] c.s.a.controller.FirestationController   : DELETE /firestation?station called
2021-04-27 14:27:02.058  INFO 17212 --- [http-nio-8080-exec-5] c.s.a.controller.FirestationController   : DELETE /firestation?station response : GONE
2021-04-27 14:27:11.267  INFO 17212 --- [http-nio-8080-exec-6] c.s.a.controller.FirestationController   : DELETE /firestation?address called
2021-04-27 14:27:11.272 ERROR 17212 --- [http-nio-8080-exec-6] c.s.a.service.FirestationService         : Firestation not found: address=1
2021-04-27 14:27:23.032  INFO 17212 --- [http-nio-8080-exec-7] c.s.a.controller.FirestationController   : DELETE /firestation?address called
2021-04-27 14:27:23.033 ERROR 17212 --- [http-nio-8080-exec-7] c.s.a.service.FirestationService         : Firestation not found: address=5th street
2021-04-27 15:07:52.913  INFO 17212 --- [RMI TCP Connection(56)-127.0.0.1] inMXBeanRegistrar$SpringApplicationAdmin : Application shutdown requested.
2021-04-27 15:07:53.225  INFO 17212 --- [RMI TCP Connection(56)-127.0.0.1] o.s.s.concurrent.ThreadPoolTaskExecutor  : Shutting down ExecutorService 'applicationTaskExecutor'
2021-04-27 15:08:01.553  INFO 18228 --- [main] c.s.a.SafetyNetAlertsApplication         : Starting SafetyNetAlertsApplication using Java 11.0.7 on DESKTOP-QTFVOKI with PID 18228 (C:\Users\jerome\git\safetynetalerts\target\classes started by jerome in C:\Users\jerome\git\safetynetalerts)
2021-04-27 15:08:01.557  INFO 18228 --- [main] c.s.a.SafetyNetAlertsApplication         : No active profile set, falling back to default profiles: default
2021-04-27 15:08:03.532  INFO 18228 --- [main] o.s.b.w.embedded.tomcat.TomcatWebServer  : Tomcat initialized with port(s): 8080 (http)
2021-04-27 15:08:03.554  INFO 18228 --- [main] o.apache.catalina.core.StandardService   : Starting service [Tomcat]
2021-04-27 15:08:03.554  INFO 18228 --- [main] org.apache.catalina.core.StandardEngine  : Starting Servlet engine: [Apache Tomcat/9.0.44]
2021-04-27 15:08:03.692  INFO 18228 --- [main] o.a.c.c.C.[Tomcat].[localhost].[/]       : Initializing Spring embedded WebApplicationContext
2021-04-27 15:08:03.692  INFO 18228 --- [main] w.s.c.ServletWebServerApplicationContext : Root WebApplicationContext: initialization completed in 2049 ms
2021-04-27 15:08:04.379  INFO 18228 --- [main] o.s.s.concurrent.ThreadPoolTaskExecutor  : Initializing ExecutorService 'applicationTaskExecutor'
2021-04-27 15:08:04.972  INFO 18228 --- [main] o.s.b.a.e.web.EndpointLinksResolver      : Exposing 4 endpoint(s) beneath base path '/actuator'
2021-04-27 15:08:05.128  INFO 18228 --- [main] o.s.b.w.embedded.tomcat.TomcatWebServer  : Tomcat started on port(s): 8080 (http) with context path ''
2021-04-27 15:08:05.172  INFO 18228 --- [main] c.s.a.SafetyNetAlertsApplication         : Started SafetyNetAlertsApplication in 4.336 seconds (JVM running for 5.73)
2021-04-27 15:08:06.650  INFO 18228 --- [RMI TCP Connection(3)-127.0.0.1] o.a.c.c.C.[Tomcat].[localhost].[/]       : Initializing Spring DispatcherServlet 'dispatcherServlet'
2021-04-27 15:08:06.651  INFO 18228 --- [RMI TCP Connection(3)-127.0.0.1] o.s.web.servlet.DispatcherServlet        : Initializing Servlet 'dispatcherServlet'
2021-04-27 15:08:06.652  INFO 18228 --- [RMI TCP Connection(3)-127.0.0.1] o.s.web.servlet.DispatcherServlet        : Completed initialization in 1 ms
2021-04-27 15:08:09.902  INFO 18228 --- [http-nio-8080-exec-2] c.s.a.c.SafetynetalertsController        : GET /communityEmail called
2021-04-27 15:08:09.903  INFO 18228 --- [http-nio-8080-exec-2] c.s.a.c.SafetynetalertsController        : GET /communityEmail response : OK
2021-04-27 15:08:13.582  INFO 18228 --- [http-nio-8080-exec-3] c.s.a.controller.PersonController        : POST /person called
2021-04-27 15:08:13.585  INFO 18228 --- [http-nio-8080-exec-3] c.s.a.controller.PersonController        : POST /person response : CREATED
2021-04-27 15:08:16.192  INFO 18228 --- [http-nio-8080-exec-4] c.s.a.controller.PersonController        : POST /person called
2021-04-27 15:08:16.193 ERROR 18228 --- [http-nio-8080-exec-4] c.s.alertsapp.service.PersonService      : Person already exist: Jason Arnold
2021-04-27 15:08:21.886  INFO 18228 --- [http-nio-8080-exec-5] c.s.a.controller.PersonController        : PUT /person called
2021-04-27 15:08:21.887  INFO 18228 --- [http-nio-8080-exec-5] c.s.a.controller.PersonController        : PUT /person response : OK
2021-04-27 15:08:23.667  INFO 18228 --- [http-nio-8080-exec-6] c.s.a.controller.PersonController        : PUT /person called
2021-04-27 15:08:23.668  INFO 18228 --- [http-nio-8080-exec-6] c.s.a.controller.PersonController        : PUT /person response : OK
2021-04-27 15:08:27.360  INFO 18228 --- [http-nio-8080-exec-7] c.s.a.controller.PersonController        : DELETE /person called
2021-04-27 15:08:27.364  INFO 18228 --- [http-nio-8080-exec-7] c.s.a.controller.PersonController        : DELETE /person response : GONE
2021-04-27 15:08:28.510  INFO 18228 --- [http-nio-8080-exec-8] c.s.a.controller.PersonController        : DELETE /person called
2021-04-27 15:08:28.511 ERROR 18228 --- [http-nio-8080-exec-8] c.s.alertsapp.service.PersonService      : Person not found: Jason Arnold
2021-04-27 15:08:40.843  INFO 18228 --- [http-nio-8080-exec-9] c.s.a.controller.FirestationController   : POST /firestation called
2021-04-27 15:08:40.845  INFO 18228 --- [http-nio-8080-exec-9] c.s.a.controller.FirestationController   : POST /firestation response : CREATED
2021-04-27 15:08:42.899  INFO 18228 --- [http-nio-8080-exec-10] c.s.a.controller.FirestationController   : POST /firestation called
2021-04-27 15:08:42.900 ERROR 18228 --- [http-nio-8080-exec-10] c.s.a.service.FirestationService         : Firestation already exist for address=2nd street, station=1
2021-04-27 15:08:48.509  INFO 18228 --- [http-nio-8080-exec-1] c.s.a.controller.FirestationController   : DELETE /firestation?station called
2021-04-27 15:08:48.510  INFO 18228 --- [http-nio-8080-exec-1] c.s.a.controller.FirestationController   : DELETE /firestation?station response : GONE
2021-04-27 15:08:49.810  INFO 18228 --- [http-nio-8080-exec-2] c.s.a.controller.FirestationController   : DELETE /firestation?station called
2021-04-27 15:08:49.812 ERROR 18228 --- [http-nio-8080-exec-2] c.s.a.service.FirestationService         : Firestation not found: station=3
2021-04-27 15:08:52.424  INFO 18228 --- [http-nio-8080-exec-3] c.s.a.controller.FirestationController   : DELETE /firestation?station called
2021-04-27 15:08:52.431 ERROR 18228 --- [http-nio-8080-exec-3] c.s.a.service.FirestationService         : Firestation not found: station=3
2021-04-27 15:08:57.213  INFO 18228 --- [http-nio-8080-exec-4] c.s.a.c.MedicalrecordController          : DELETE /medicalRecord called
2021-04-27 15:08:57.215  INFO 18228 --- [http-nio-8080-exec-4] c.s.a.c.MedicalrecordController          : DELETE /medicalRecord response : GONE
2021-04-27 15:08:58.834  INFO 18228 --- [http-nio-8080-exec-5] c.s.a.c.MedicalrecordController          : DELETE /medicalRecord called
2021-04-27 15:08:58.835 ERROR 18228 --- [http-nio-8080-exec-5] c.s.a.service.MedicalrecordService       : Medicalrecord not found: Tenley Boyd
2021-04-27 15:09:03.326  INFO 18228 --- [http-nio-8080-exec-6] c.s.a.controller.FirestationController   : DELETE /firestation?address called
2021-04-27 15:09:03.327 ERROR 18228 --- [http-nio-8080-exec-6] c.s.a.service.FirestationService         : Firestation not found: address=5th street
2021-04-27 15:09:05.407  INFO 18228 --- [http-nio-8080-exec-7] c.s.a.controller.FirestationController   : DELETE /firestation?address called
2021-04-27 15:09:05.407 ERROR 18228 --- [http-nio-8080-exec-7] c.s.a.service.FirestationService         : Firestation not found: address=5th street
2021-04-27 15:09:21.747  INFO 18228 --- [http-nio-8080-exec-8] c.s.a.c.SafetynetalertsController        : GET /firestation called
2021-04-27 15:09:21.750  INFO 18228 --- [http-nio-8080-exec-8] c.s.a.c.SafetynetalertsController        : GET /firestation response : OK
2021-04-27 15:09:31.732  INFO 18228 --- [http-nio-8080-exec-9] c.s.a.c.SafetynetalertsController        : GET /childAlert called
2021-04-27 15:09:31.747  INFO 18228 --- [http-nio-8080-exec-9] c.s.a.c.SafetynetalertsController        : GET /childAlert response : OK
2021-04-27 15:09:47.317  INFO 18228 --- [http-nio-8080-exec-10] c.s.a.c.SafetynetalertsController        : GET /phoneAlert called
2021-04-27 15:09:47.319  INFO 18228 --- [http-nio-8080-exec-10] c.s.a.c.SafetynetalertsController        : GET /phoneAlert response : OK
2021-04-27 15:09:50.623  INFO 18228 --- [http-nio-8080-exec-1] c.s.a.c.SafetynetalertsController        : GET /fire called
2021-04-27 15:09:50.626  INFO 18228 --- [http-nio-8080-exec-1] c.s.a.c.SafetynetalertsController        : GET /fire response : OK
2021-04-27 15:09:58.049  INFO 18228 --- [http-nio-8080-exec-2] c.s.a.c.SafetynetalertsController        : GET /flood/stations called
2021-04-27 15:09:58.052  INFO 18228 --- [http-nio-8080-exec-2] c.s.a.c.SafetynetalertsController        : GET /flood/stations response : OK
2021-04-27 15:10:01.732  INFO 18228 --- [http-nio-8080-exec-3] c.s.a.c.SafetynetalertsController        : GET /personInfo called
2021-04-27 15:10:01.734  INFO 18228 --- [http-nio-8080-exec-3] c.s.a.c.SafetynetalertsController        : GET /personInfo response : OK
2021-04-27 15:10:05.236  INFO 18228 --- [http-nio-8080-exec-4] c.s.a.c.SafetynetalertsController        : GET /communityEmail called
2021-04-27 15:10:05.237  INFO 18228 --- [http-nio-8080-exec-4] c.s.a.c.SafetynetalertsController        : GET /communityEmail response : OK
